# JRE version: Java(TM) SE Runtime Environment (17.0.1+12) (build 17.0.1+12-LTS-39)
# Java VM: Java HotSpot(TM) 64-Bit Server VM (17.0.1+12-LTS-39, mixed mode, sharing, tiered, compressed oops, compressed class ptrs, g1 gc, windows-amd64)
GC Precious Log:
 CPUs: 4 total, 4 available
 Memory: 4009M
 Large Page Support: Disabled
 NUMA Support: Disabled
 Compressed Oops: Enabled (32-bit)
 Heap Region Size: 1M
 Heap Min Capacity: 8M
 Heap Initial Capacity: 64M
 Heap Max Capacity: 1004M
 Pre-touch: Disabled
 Parallel Workers: 4
 Concurrent Workers: 1
 Concurrent Refinement Workers: 4
 Periodic GC: Disabled
Heap:
 garbage-first heap   total 473088K, used 279040K [0x00000000c1400000, 0x0000000100000000)
  region size 1024K, 7 young (7168K), 7 survivors (7168K)
 Metaspace       used 8514K, committed 8704K, reserved 1056768K
  class space    used 926K, committed 1024K, reserved 1048576K
GC Heap History (20 events):
Event: 17.733 GC heap after
{Heap after GC invocations=14 (full 0):
 garbage-first heap   total 116736K, used 43519K [0x00000000c1400000, 0x0000000100000000)
  region size 1024K, 3 young (3072K), 3 survivors (3072K)
 Metaspace       used 8208K, committed 8384K, reserved 1056768K
  class space    used 926K, committed 1024K, reserved 1048576K
}
Event: 17.831 GC heap before
{Heap before GC invocations=14 (full 0):
 garbage-first heap   total 116736K, used 44543K [0x00000000c1400000, 0x0000000100000000)
  region size 1024K, 5 young (5120K), 3 survivors (3072K)
 Metaspace       used 8236K, committed 8448K, reserved 1056768K
  class space    used 926K, committed 1024K, reserved 1048576K
}
Event: 17.849 GC heap after
{Heap after GC invocations=15 (full 0):
 garbage-first heap   total 350208K, used 37888K [0x00000000c1400000, 0x0000000100000000)
  region size 1024K, 1 young (1024K), 1 survivors (1024K)
 Metaspace       used 8236K, committed 8448K, reserved 1056768K
  class space    used 926K, committed 1024K, reserved 1048576K
}
Event: 18.210 GC heap before
{Heap before GC invocations=15 (full 0):
 garbage-first heap   total 350208K, used 116736K [0x00000000c1400000, 0x0000000100000000)
  region size 1024K, 60 young (61440K), 1 survivors (1024K)
 Metaspace       used 8278K, committed 8448K, reserved 1056768K
  class space    used 926K, committed 1024K, reserved 1048576K
}
Event: 18.370 GC heap after
{Heap after GC invocations=16 (full 0):
 garbage-first heap   total 350208K, used 105741K [0x00000000c1400000, 0x0000000100000000)
  region size 1024K, 8 young (8192K), 8 survivors (8192K)
 Metaspace       used 8278K, committed 8448K, reserved 1056768K
  class space    used 926K, committed 1024K, reserved 1048576K
}
Event: 18.768 GC heap before
{Heap before GC invocations=16 (full 0):
 garbage-first heap   total 350208K, used 168205K [0x00000000c1400000, 0x0000000100000000)
  region size 1024K, 58 young (59392K), 8 survivors (8192K)
 Metaspace       used 8405K, committed 8576K, reserved 1056768K
  class space    used 926K, committed 1024K, reserved 1048576K
}
Event: 18.995 GC heap after
{Heap after GC invocations=17 (full 0):
 garbage-first heap   total 350208K, used 159232K [0x00000000c1400000, 0x0000000100000000)
  region size 1024K, 8 young (8192K), 8 survivors (8192K)
 Metaspace       used 8405K, committed 8576K, reserved 1056768K
  class space    used 926K, committed 1024K, reserved 1048576K
}
Event: 19.122 GC heap before
{Heap before GC invocations=17 (full 0):
 garbage-first heap   total 350208K, used 182784K [0x00000000c1400000, 0x0000000100000000)
  region size 1024K, 27 young (27648K), 8 survivors (8192K)
 Metaspace       used 8415K, committed 8640K, reserved 1056768K
  class space    used 926K, committed 1024K, reserved 1048576K
}
Event: 19.255 GC heap after
{Heap after GC invocations=18 (full 0):
 garbage-first heap   total 350208K, used 179712K [0x00000000c1400000, 0x0000000100000000)
  region size 1024K, 7 young (7168K), 7 survivors (7168K)
 Metaspace       used 8415K, committed 8640K, reserved 1056768K
  class space    used 926K, committed 1024K, reserved 1048576K
}
Event: 19.829 GC heap before
{Heap before GC invocations=19 (full 0):
 garbage-first heap   total 157696K, used 90624K [0x00000000c1400000, 0x0000000100000000)
  region size 1024K, 42 young (43008K), 7 survivors (7168K)
 Metaspace       used 8422K, committed 8640K, reserved 1056768K
  class space    used 926K, committed 1024K, reserved 1048576K
}
Event: 19.941 GC heap after
{Heap after GC invocations=20 (full 0):
 garbage-first heap   total 157696K, used 79360K [0x00000000c1400000, 0x0000000100000000)
  region size 1024K, 6 young (6144K), 6 survivors (6144K)
 Metaspace       used 8422K, committed 8640K, reserved 1056768K
  class space    used 926K, committed 1024K, reserved 1048576K
}
Event: 19.946 GC heap before
{Heap before GC invocations=20 (full 0):
 garbage-first heap   total 157696K, used 79360K [0x00000000c1400000, 0x0000000100000000)
  region size 1024K, 7 young (7168K), 6 survivors (6144K)
 Metaspace       used 8422K, committed 8640K, reserved 1056768K
  class space    used 926K, committed 1024K, reserved 1048576K
}
Event: 19.986 GC heap after
{Heap after GC invocations=21 (full 0):
 garbage-first heap   total 473088K, used 70144K [0x00000000c1400000, 0x0000000100000000)
  region size 1024K, 1 young (1024K), 1 survivors (1024K)
 Metaspace       used 8422K, committed 8640K, reserved 1056768K
  class space    used 926K, committed 1024K, reserved 1048576K
}
Event: 20.515 GC heap before
{Heap before GC invocations=21 (full 0):
 garbage-first heap   total 473088K, used 144896K [0x00000000c1400000, 0x0000000100000000)
  region size 1024K, 59 young (60416K), 1 survivors (1024K)
 Metaspace       used 8458K, committed 8640K, reserved 1056768K
  class space    used 926K, committed 1024K, reserved 1048576K
}
Event: 20.785 GC heap after
{Heap after GC invocations=22 (full 0):
 garbage-first heap   total 473088K, used 133632K [0x00000000c1400000, 0x0000000100000000)
  region size 1024K, 8 young (8192K), 8 survivors (8192K)
 Metaspace       used 8458K, committed 8640K, reserved 1056768K
  class space    used 926K, committed 1024K, reserved 1048576K
}
Event: 21.032 GC heap before
{Heap before GC invocations=22 (full 0):
 garbage-first heap   total 473088K, used 183808K [0x00000000c1400000, 0x0000000100000000)
  region size 1024K, 46 young (47104K), 8 survivors (8192K)
 Metaspace       used 8490K, committed 8704K, reserved 1056768K
  class space    used 926K, committed 1024K, reserved 1048576K
}
Event: 21.175 GC heap after
{Heap after GC invocations=23 (full 0):
 garbage-first heap   total 473088K, used 179712K [0x00000000c1400000, 0x0000000100000000)
  region size 1024K, 6 young (6144K), 6 survivors (6144K)
 Metaspace       used 8490K, committed 8704K, reserved 1056768K
  class space    used 926K, committed 1024K, reserved 1048576K
}
Event: 21.496 GC heap before
{Heap before GC invocations=23 (full 0):
 garbage-first heap   total 473088K, used 230912K [0x00000000c1400000, 0x0000000100000000)
  region size 1024K, 45 young (46080K), 6 survivors (6144K)
 Metaspace       used 8500K, committed 8704K, reserved 1056768K
  class space    used 926K, committed 1024K, reserved 1048576K
}
Event: 21.658 GC heap after
{Heap after GC invocations=24 (full 0):
 garbage-first heap   total 473088K, used 224768K [0x00000000c1400000, 0x0000000100000000)
  region size 1024K, 6 young (6144K), 6 survivors (6144K)
 Metaspace       used 8500K, committed 8704K, reserved 1056768K
  class space    used 926K, committed 1024K, reserved 1048576K
}
Event: 21.841 GC heap before
{Heap before GC invocations=24 (full 0):
 garbage-first heap   total 473088K, used 285184K [0x00000000c1400000, 0x0000000100000000)
  region size 1024K, 49 young (50176K), 6 survivors (6144K)
 Metaspace       used 8514K, committed 8704K, reserved 1056768K
  class space    used 926K, committed 1024K, reserved 1048576K
}

