# JRE version: Java(TM) SE Runtime Environment (17.0.1+12) (build 17.0.1+12-LTS-39)
# Java VM: Java HotSpot(TM) 64-Bit Server VM (17.0.1+12-LTS-39, mixed mode, sharing, tiered, compressed oops, compressed class ptrs, g1 gc, windows-amd64)
GC Precious Log:
 CPUs: 4 total, 4 available
 Memory: 4009M
 Large Page Support: Disabled
 NUMA Support: Disabled
 Compressed Oops: Enabled (32-bit)
 Heap Region Size: 1M
 Heap Min Capacity: 8M
 Heap Initial Capacity: 8M
 Heap Max Capacity: 1004M
 Pre-touch: Disabled
 Parallel Workers: 4
 Concurrent Workers: 1
 Concurrent Refinement Workers: 4
 Periodic GC: Disabled
Heap:
 garbage-first heap   total 24576K, used 11844K [0x00000000c1400000, 0x0000000100000000)
  region size 1024K, 1 young (1024K), 1 survivors (1024K)
 Metaspace       used 9469K, committed 9728K, reserved 1064960K
  class space    used 1064K, committed 1216K, reserved 1048576K
GC Heap History (20 events):
Event: 5.084 GC heap after
{Heap after GC invocations=6 (full 0):
 garbage-first heap   total 8192K, used 3101K [0x00000000c1400000, 0x0000000100000000)
  region size 1024K, 1 young (1024K), 1 survivors (1024K)
 Metaspace       used 7812K, committed 8000K, reserved 1064960K
  class space    used 896K, committed 1024K, reserved 1048576K
}
Event: 5.235 GC heap before
{Heap before GC invocations=6 (full 0):
 garbage-first heap   total 8192K, used 4125K [0x00000000c1400000, 0x0000000100000000)
  region size 1024K, 2 young (2048K), 1 survivors (1024K)
 Metaspace       used 8041K, committed 8256K, reserved 1064960K
  class space    used 919K, committed 1024K, reserved 1048576K
}
Event: 5.242 GC heap after
{Heap after GC invocations=7 (full 0):
 garbage-first heap   total 11264K, used 3466K [0x00000000c1400000, 0x0000000100000000)
  region size 1024K, 1 young (1024K), 1 survivors (1024K)
 Metaspace       used 8041K, committed 8256K, reserved 1064960K
  class space    used 919K, committed 1024K, reserved 1048576K
}
Event: 5.896 GC heap before
{Heap before GC invocations=7 (full 0):
 garbage-first heap   total 11264K, used 5514K [0x00000000c1400000, 0x0000000100000000)
  region size 1024K, 3 young (3072K), 1 survivors (1024K)
 Metaspace       used 8566K, committed 8768K, reserved 1064960K
  class space    used 992K, committed 1088K, reserved 1048576K
}
Event: 5.908 GC heap after
{Heap after GC invocations=8 (full 0):
 garbage-first heap   total 11264K, used 4555K [0x00000000c1400000, 0x0000000100000000)
  region size 1024K, 1 young (1024K), 1 survivors (1024K)
 Metaspace       used 8566K, committed 8768K, reserved 1064960K
  class space    used 992K, committed 1088K, reserved 1048576K
}
Event: 6.004 GC heap before
{Heap before GC invocations=8 (full 0):
 garbage-first heap   total 11264K, used 5579K [0x00000000c1400000, 0x0000000100000000)
  region size 1024K, 2 young (2048K), 1 survivors (1024K)
 Metaspace       used 8720K, committed 8896K, reserved 1064960K
  class space    used 1009K, committed 1088K, reserved 1048576K
}
Event: 6.008 GC heap after
{Heap after GC invocations=9 (full 0):
 garbage-first heap   total 11264K, used 4791K [0x00000000c1400000, 0x0000000100000000)
  region size 1024K, 1 young (1024K), 1 survivors (1024K)
 Metaspace       used 8720K, committed 8896K, reserved 1064960K
  class space    used 1009K, committed 1088K, reserved 1048576K
}
Event: 6.092 GC heap before
{Heap before GC invocations=9 (full 0):
 garbage-first heap   total 11264K, used 5815K [0x00000000c1400000, 0x0000000100000000)
  region size 1024K, 2 young (2048K), 1 survivors (1024K)
 Metaspace       used 8831K, committed 9088K, reserved 1064960K
  class space    used 1021K, committed 1152K, reserved 1048576K
}
Event: 6.094 GC heap after
{Heap after GC invocations=10 (full 0):
 garbage-first heap   total 11264K, used 4916K [0x00000000c1400000, 0x0000000100000000)
  region size 1024K, 1 young (1024K), 1 survivors (1024K)
 Metaspace       used 8831K, committed 9088K, reserved 1064960K
  class space    used 1021K, committed 1152K, reserved 1048576K
}
Event: 6.140 GC heap before
{Heap before GC invocations=11 (full 0):
 garbage-first heap   total 12288K, used 5940K [0x00000000c1400000, 0x0000000100000000)
  region size 1024K, 2 young (2048K), 1 survivors (1024K)
 Metaspace       used 8860K, committed 9088K, reserved 1064960K
  class space    used 1022K, committed 1152K, reserved 1048576K
}
Event: 6.142 GC heap after
{Heap after GC invocations=12 (full 0):
 garbage-first heap   total 12288K, used 5020K [0x00000000c1400000, 0x0000000100000000)
  region size 1024K, 1 young (1024K), 1 survivors (1024K)
 Metaspace       used 8860K, committed 9088K, reserved 1064960K
  class space    used 1022K, committed 1152K, reserved 1048576K
}
Event: 6.223 GC heap before
{Heap before GC invocations=12 (full 0):
 garbage-first heap   total 12288K, used 6044K [0x00000000c1400000, 0x0000000100000000)
  region size 1024K, 2 young (2048K), 1 survivors (1024K)
 Metaspace       used 8902K, committed 9152K, reserved 1064960K
  class space    used 1029K, committed 1152K, reserved 1048576K
}
Event: 6.229 GC heap after
{Heap after GC invocations=13 (full 0):
 garbage-first heap   total 24576K, used 4962K [0x00000000c1400000, 0x0000000100000000)
  region size 1024K, 1 young (1024K), 1 survivors (1024K)
 Metaspace       used 8902K, committed 9152K, reserved 1064960K
  class space    used 1029K, committed 1152K, reserved 1048576K
}
Event: 6.541 GC heap before
{Heap before GC invocations=13 (full 0):
 garbage-first heap   total 24576K, used 13154K [0x00000000c1400000, 0x0000000100000000)
  region size 1024K, 9 young (9216K), 1 survivors (1024K)
 Metaspace       used 9104K, committed 9344K, reserved 1064960K
  class space    used 1046K, committed 1152K, reserved 1048576K
}
Event: 6.553 GC heap after
{Heap after GC invocations=14 (full 0):
 garbage-first heap   total 24576K, used 6322K [0x00000000c1400000, 0x0000000100000000)
  region size 1024K, 2 young (2048K), 2 survivors (2048K)
 Metaspace       used 9104K, committed 9344K, reserved 1064960K
  class space    used 1046K, committed 1152K, reserved 1048576K
}
Event: 6.825 GC heap before
{Heap before GC invocations=14 (full 0):
 garbage-first heap   total 24576K, used 12466K [0x00000000c1400000, 0x0000000100000000)
  region size 1024K, 9 young (9216K), 2 survivors (2048K)
 Metaspace       used 9153K, committed 9408K, reserved 1064960K
  class space    used 1049K, committed 1152K, reserved 1048576K
}
Event: 6.843 GC heap after
{Heap after GC invocations=15 (full 0):
 garbage-first heap   total 24576K, used 8041K [0x00000000c1400000, 0x0000000100000000)
  region size 1024K, 2 young (2048K), 2 survivors (2048K)
 Metaspace       used 9153K, committed 9408K, reserved 1064960K
  class space    used 1049K, committed 1152K, reserved 1048576K
}
Event: 7.225 GC heap before
{Heap before GC invocations=15 (full 0):
 garbage-first heap   total 24576K, used 14185K [0x00000000c1400000, 0x0000000100000000)
  region size 1024K, 8 young (8192K), 2 survivors (2048K)
 Metaspace       used 9268K, committed 9472K, reserved 1064960K
  class space    used 1059K, committed 1152K, reserved 1048576K
}
Event: 7.240 GC heap after
{Heap after GC invocations=16 (full 0):
 garbage-first heap   total 24576K, used 9490K [0x00000000c1400000, 0x0000000100000000)
  region size 1024K, 1 young (1024K), 1 survivors (1024K)
 Metaspace       used 9268K, committed 9472K, reserved 1064960K
  class space    used 1059K, committed 1152K, reserved 1048576K
}
Event: 7.842 GC heap before
{Heap before GC invocations=16 (full 0):
 garbage-first heap   total 24576K, used 16658K [0x00000000c1400000, 0x0000000100000000)
  region size 1024K, 7 young (7168K), 1 survivors (1024K)
 Metaspace       used 9469K, committed 9728K, reserved 1064960K
  class space    used 1064K, committed 1216K, reserved 1048576K
}

