# JRE version: Java(TM) SE Runtime Environment (17.0.1+12) (build 17.0.1+12-LTS-39)
# Java VM: Java HotSpot(TM) 64-Bit Server VM (17.0.1+12-LTS-39, mixed mode, sharing, tiered, compressed oops, compressed class ptrs, g1 gc, windows-amd64)
GC Precious Log:
 CPUs: 4 total, 4 available
 Memory: 4009M
 Large Page Support: Disabled
 NUMA Support: Disabled
 Compressed Oops: Enabled (32-bit)
 Heap Region Size: 1M
 Heap Min Capacity: 8M
 Heap Initial Capacity: 64M
 Heap Max Capacity: 1004M
 Pre-touch: Disabled
 Parallel Workers: 4
 Concurrent Workers: 1
 Concurrent Refinement Workers: 4
 Periodic GC: Disabled
Heap:
 garbage-first heap   total 111616K, used 55772K [0x00000000c1400000, 0x0000000100000000)
  region size 1024K, 1 young (1024K), 1 survivors (1024K)
 Metaspace       used 10825K, committed 11072K, reserved 1064960K
  class space    used 1221K, committed 1344K, reserved 1048576K
GC Heap History (20 events):
Event: 1005.963 GC heap after
{Heap after GC invocations=11 (full 4):
 garbage-first heap   total 37888K, used 15525K [0x00000000c1400000, 0x0000000100000000)
  region size 1024K, 2 young (2048K), 2 survivors (2048K)
 Metaspace       used 10674K, committed 11008K, reserved 1064960K
  class space    used 1221K, committed 1344K, reserved 1048576K
}
Event: 1006.003 GC heap before
{Heap before GC invocations=11 (full 4):
 garbage-first heap   total 37888K, used 19621K [0x00000000c1400000, 0x0000000100000000)
  region size 1024K, 6 young (6144K), 2 survivors (2048K)
 Metaspace       used 10684K, committed 11008K, reserved 1064960K
  class space    used 1221K, committed 1344K, reserved 1048576K
}
Event: 1006.021 GC heap after
{Heap after GC invocations=12 (full 4):
 garbage-first heap   total 37888K, used 19062K [0x00000000c1400000, 0x0000000100000000)
  region size 1024K, 1 young (1024K), 1 survivors (1024K)
 Metaspace       used 10684K, committed 11008K, reserved 1064960K
  class space    used 1221K, committed 1344K, reserved 1048576K
}
Event: 1006.043 GC heap before
{Heap before GC invocations=12 (full 4):
 garbage-first heap   total 37888K, used 21110K [0x00000000c1400000, 0x0000000100000000)
  region size 1024K, 5 young (5120K), 1 survivors (1024K)
 Metaspace       used 10687K, committed 11008K, reserved 1064960K
  class space    used 1221K, committed 1344K, reserved 1048576K
}
Event: 1006.055 GC heap after
{Heap after GC invocations=13 (full 4):
 garbage-first heap   total 37888K, used 20636K [0x00000000c1400000, 0x0000000100000000)
  region size 1024K, 1 young (1024K), 1 survivors (1024K)
 Metaspace       used 10687K, committed 11008K, reserved 1064960K
  class space    used 1221K, committed 1344K, reserved 1048576K
}
Event: 1006.095 GC heap before
{Heap before GC invocations=13 (full 4):
 garbage-first heap   total 37888K, used 22684K [0x00000000c1400000, 0x0000000100000000)
  region size 1024K, 4 young (4096K), 1 survivors (1024K)
 Metaspace       used 10698K, committed 11008K, reserved 1064960K
  class space    used 1221K, committed 1344K, reserved 1048576K
}
Event: 1006.102 GC heap after
{Heap after GC invocations=14 (full 4):
 garbage-first heap   total 37888K, used 21453K [0x00000000c1400000, 0x0000000100000000)
  region size 1024K, 1 young (1024K), 1 survivors (1024K)
 Metaspace       used 10698K, committed 11008K, reserved 1064960K
  class space    used 1221K, committed 1344K, reserved 1048576K
}
Event: 1006.127 GC heap before
{Heap before GC invocations=14 (full 4):
 garbage-first heap   total 37888K, used 15309K [0x00000000c1400000, 0x0000000100000000)
  region size 1024K, 4 young (4096K), 1 survivors (1024K)
 Metaspace       used 10705K, committed 11008K, reserved 1064960K
  class space    used 1221K, committed 1344K, reserved 1048576K
}
Event: 1006.147 GC heap after
{Heap after GC invocations=15 (full 4):
 garbage-first heap   total 111616K, used 14575K [0x00000000c1400000, 0x0000000100000000)
  region size 1024K, 1 young (1024K), 1 survivors (1024K)
 Metaspace       used 10705K, committed 11008K, reserved 1064960K
  class space    used 1221K, committed 1344K, reserved 1048576K
}
Event: 1006.487 GC heap before
{Heap before GC invocations=16 (full 4):
 garbage-first heap   total 111616K, used 49391K [0x00000000c1400000, 0x0000000100000000)
  region size 1024K, 30 young (30720K), 1 survivors (1024K)
 Metaspace       used 10768K, committed 11008K, reserved 1064960K
  class space    used 1221K, committed 1344K, reserved 1048576K
}
Event: 1006.574 GC heap after
{Heap after GC invocations=17 (full 4):
 garbage-first heap   total 111616K, used 38761K [0x00000000c1400000, 0x0000000100000000)
  region size 1024K, 4 young (4096K), 4 survivors (4096K)
 Metaspace       used 10768K, committed 11008K, reserved 1064960K
  class space    used 1221K, committed 1344K, reserved 1048576K
}
Event: 1006.685 GC heap before
{Heap before GC invocations=17 (full 4):
 garbage-first heap   total 111616K, used 65385K [0x00000000c1400000, 0x0000000100000000)
  region size 1024K, 25 young (25600K), 4 survivors (4096K)
 Metaspace       used 10802K, committed 11008K, reserved 1064960K
  class space    used 1221K, committed 1344K, reserved 1048576K
}
Event: 1006.781 GC heap after
{Heap after GC invocations=18 (full 4):
 garbage-first heap   total 111616K, used 62218K [0x00000000c1400000, 0x0000000100000000)
  region size 1024K, 4 young (4096K), 4 survivors (4096K)
 Metaspace       used 10802K, committed 11008K, reserved 1064960K
  class space    used 1221K, committed 1344K, reserved 1048576K
}
Event: 1006.802 GC heap before
{Heap before GC invocations=18 (full 4):
 garbage-first heap   total 111616K, used 63242K [0x00000000c1400000, 0x0000000100000000)
  region size 1024K, 6 young (6144K), 4 survivors (4096K)
 Metaspace       used 10805K, committed 11008K, reserved 1064960K
  class space    used 1221K, committed 1344K, reserved 1048576K
}
Event: 1006.829 GC heap after
{Heap after GC invocations=19 (full 4):
 garbage-first heap   total 111616K, used 65039K [0x00000000c1400000, 0x0000000100000000)
  region size 1024K, 2 young (2048K), 2 survivors (2048K)
 Metaspace       used 10805K, committed 11008K, reserved 1064960K
  class space    used 1221K, committed 1344K, reserved 1048576K
}
Event: 1006.926 GC heap before
{Heap before GC invocations=19 (full 4):
 garbage-first heap   total 111616K, used 40463K [0x00000000c1400000, 0x0000000100000000)
  region size 1024K, 12 young (12288K), 2 survivors (2048K)
 Metaspace       used 10807K, committed 11008K, reserved 1064960K
  class space    used 1221K, committed 1344K, reserved 1048576K
}
Event: 1006.984 GC heap after
{Heap after GC invocations=20 (full 4):
 garbage-first heap   total 111616K, used 40042K [0x00000000c1400000, 0x0000000100000000)
  region size 1024K, 2 young (2048K), 2 survivors (2048K)
 Metaspace       used 10807K, committed 11008K, reserved 1064960K
  class space    used 1221K, committed 1344K, reserved 1048576K
}
Event: 1007.109 GC heap before
{Heap before GC invocations=21 (full 4):
 garbage-first heap   total 111616K, used 60522K [0x00000000c1400000, 0x0000000100000000)
  region size 1024K, 20 young (20480K), 2 survivors (2048K)
 Metaspace       used 10821K, committed 11072K, reserved 1064960K
  class space    used 1221K, committed 1344K, reserved 1048576K
}
Event: 1007.181 GC heap after
{Heap after GC invocations=22 (full 4):
 garbage-first heap   total 111616K, used 59146K [0x00000000c1400000, 0x0000000100000000)
  region size 1024K, 3 young (3072K), 3 survivors (3072K)
 Metaspace       used 10821K, committed 11072K, reserved 1064960K
  class space    used 1221K, committed 1344K, reserved 1048576K
}
Event: 1007.200 GC heap before
{Heap before GC invocations=22 (full 4):
 garbage-first heap   total 111616K, used 60170K [0x00000000c1400000, 0x0000000100000000)
  region size 1024K, 5 young (5120K), 3 survivors (3072K)
 Metaspace       used 10825K, committed 11072K, reserved 1064960K
  class space    used 1221K, committed 1344K, reserved 1048576K
}

