# JRE version: Java(TM) SE Runtime Environment (17.0.1+12) (build 17.0.1+12-LTS-39)
# Java VM: Java HotSpot(TM) 64-Bit Server VM (17.0.1+12-LTS-39, mixed mode, sharing, tiered, compressed oops, compressed class ptrs, g1 gc, windows-amd64)
GC Precious Log:
 CPUs: 4 total, 4 available
 Memory: 4009M
 Large Page Support: Disabled
 NUMA Support: Disabled
 Compressed Oops: Enabled (32-bit)
 Heap Region Size: 1M
 Heap Min Capacity: 8M
 Heap Initial Capacity: 64M
 Heap Max Capacity: 1004M
 Pre-touch: Disabled
 Parallel Workers: 4
 Concurrent Workers: 1
 Concurrent Refinement Workers: 4
 Periodic GC: Disabled
Heap:
 garbage-first heap   total 196608K, used 45568K [0x00000000c1400000, 0x0000000100000000)
  region size 1024K, 1 young (1024K), 1 survivors (1024K)
 Metaspace       used 8422K, committed 8640K, reserved 1064960K
  class space    used 932K, committed 1024K, reserved 1048576K
GC Heap History (20 events):
Event: 18.614 GC heap after
{Heap after GC invocations=2 (full 0):
 garbage-first heap   total 65536K, used 12754K [0x00000000c1400000, 0x0000000100000000)
  region size 1024K, 2 young (2048K), 2 survivors (2048K)
 Metaspace       used 8235K, committed 8448K, reserved 1064960K
  class space    used 929K, committed 1024K, reserved 1048576K
}
Event: 18.884 GC heap before
{Heap before GC invocations=2 (full 0):
 garbage-first heap   total 65536K, used 35282K [0x00000000c1400000, 0x0000000100000000)
  region size 1024K, 15 young (15360K), 2 survivors (2048K)
 Metaspace       used 8269K, committed 8448K, reserved 1064960K
  class space    used 932K, committed 1024K, reserved 1048576K
}
Event: 18.947 GC heap after
{Heap after GC invocations=3 (full 0):
 garbage-first heap   total 65536K, used 35440K [0x00000000c1400000, 0x0000000100000000)
  region size 1024K, 2 young (2048K), 2 survivors (2048K)
 Metaspace       used 8269K, committed 8448K, reserved 1064960K
  class space    used 932K, committed 1024K, reserved 1048576K
}
Event: 18.970 GC heap before
{Heap before GC invocations=3 (full 0):
 garbage-first heap   total 65536K, used 38512K [0x00000000c1400000, 0x0000000100000000)
  region size 1024K, 7 young (7168K), 2 survivors (2048K)
 Metaspace       used 8286K, committed 8512K, reserved 1064960K
  class space    used 932K, committed 1024K, reserved 1048576K
}
Event: 19.040 GC heap after
{Heap after GC invocations=4 (full 0):
 garbage-first heap   total 65536K, used 40448K [0x00000000c1400000, 0x0000000100000000)
  region size 1024K, 1 young (1024K), 1 survivors (1024K)
 Metaspace       used 8286K, committed 8512K, reserved 1064960K
  class space    used 932K, committed 1024K, reserved 1048576K
}
Event: 19.064 GC heap before
{Heap before GC invocations=4 (full 0):
 garbage-first heap   total 65536K, used 46592K [0x00000000c1400000, 0x0000000100000000)
  region size 1024K, 6 young (6144K), 1 survivors (1024K)
 Metaspace       used 8290K, committed 8512K, reserved 1064960K
  class space    used 932K, committed 1024K, reserved 1048576K
}
Event: 19.079 GC heap after
{Heap after GC invocations=5 (full 0):
 garbage-first heap   total 65536K, used 46394K [0x00000000c1400000, 0x0000000100000000)
  region size 1024K, 1 young (1024K), 1 survivors (1024K)
 Metaspace       used 8290K, committed 8512K, reserved 1064960K
  class space    used 932K, committed 1024K, reserved 1048576K
}
Event: 19.111 GC heap before
{Heap before GC invocations=5 (full 0):
 garbage-first heap   total 65536K, used 26938K [0x00000000c1400000, 0x0000000100000000)
  region size 1024K, 4 young (4096K), 1 survivors (1024K)
 Metaspace       used 8292K, committed 8512K, reserved 1064960K
  class space    used 932K, committed 1024K, reserved 1048576K
}
Event: 19.121 GC heap after
{Heap after GC invocations=6 (full 0):
 garbage-first heap   total 196608K, used 26618K [0x00000000c1400000, 0x0000000100000000)
  region size 1024K, 1 young (1024K), 1 survivors (1024K)
 Metaspace       used 8292K, committed 8512K, reserved 1064960K
  class space    used 932K, committed 1024K, reserved 1048576K
}
Event: 19.249 GC heap before
{Heap before GC invocations=7 (full 0):
 garbage-first heap   total 196608K, used 55290K [0x00000000c1400000, 0x0000000100000000)
  region size 1024K, 25 young (25600K), 1 survivors (1024K)
 Metaspace       used 8318K, committed 8512K, reserved 1064960K
  class space    used 932K, committed 1024K, reserved 1048576K
}
Event: 19.317 GC heap after
{Heap after GC invocations=8 (full 0):
 garbage-first heap   total 196608K, used 50001K [0x00000000c1400000, 0x0000000100000000)
  region size 1024K, 4 young (4096K), 4 survivors (4096K)
 Metaspace       used 8318K, committed 8512K, reserved 1064960K
  class space    used 932K, committed 1024K, reserved 1048576K
}
Event: 19.337 GC heap before
{Heap before GC invocations=8 (full 0):
 garbage-first heap   total 196608K, used 54097K [0x00000000c1400000, 0x0000000100000000)
  region size 1024K, 9 young (9216K), 4 survivors (4096K)
 Metaspace       used 8322K, committed 8512K, reserved 1064960K
  class space    used 932K, committed 1024K, reserved 1048576K
}
Event: 19.358 GC heap after
{Heap after GC invocations=9 (full 0):
 garbage-first heap   total 196608K, used 53248K [0x00000000c1400000, 0x0000000100000000)
  region size 1024K, 2 young (2048K), 2 survivors (2048K)
 Metaspace       used 8322K, committed 8512K, reserved 1064960K
  class space    used 932K, committed 1024K, reserved 1048576K
}
Event: 19.805 GC heap before
{Heap before GC invocations=9 (full 0):
 garbage-first heap   total 196608K, used 126976K [0x00000000c1400000, 0x0000000100000000)
  region size 1024K, 59 young (60416K), 2 survivors (2048K)
 Metaspace       used 8378K, committed 8576K, reserved 1064960K
  class space    used 932K, committed 1024K, reserved 1048576K
}
Event: 20.080 GC heap after
{Heap after GC invocations=10 (full 0):
 garbage-first heap   total 196608K, used 115032K [0x00000000c1400000, 0x0000000100000000)
  region size 1024K, 8 young (8192K), 8 survivors (8192K)
 Metaspace       used 8378K, committed 8576K, reserved 1064960K
  class space    used 932K, committed 1024K, reserved 1048576K
}
Event: 20.113 GC heap before
{Heap before GC invocations=10 (full 0):
 garbage-first heap   total 196608K, used 118104K [0x00000000c1400000, 0x0000000100000000)
  region size 1024K, 13 young (13312K), 8 survivors (8192K)
 Metaspace       used 8382K, committed 8576K, reserved 1064960K
  class space    used 932K, committed 1024K, reserved 1048576K
}
Event: 20.158 GC heap after
{Heap after GC invocations=11 (full 0):
 garbage-first heap   total 196608K, used 119808K [0x00000000c1400000, 0x0000000100000000)
  region size 1024K, 4 young (4096K), 4 survivors (4096K)
 Metaspace       used 8382K, committed 8576K, reserved 1064960K
  class space    used 932K, committed 1024K, reserved 1048576K
}
Event: 20.300 GC heap before
{Heap before GC invocations=12 (full 0):
 garbage-first heap   total 140288K, used 53248K [0x00000000c1400000, 0x0000000100000000)
  region size 1024K, 22 young (22528K), 4 survivors (4096K)
 Metaspace       used 8422K, committed 8640K, reserved 1064960K
  class space    used 932K, committed 1024K, reserved 1048576K
}
Event: 20.351 GC heap after
{Heap after GC invocations=13 (full 0):
 garbage-first heap   total 140288K, used 51200K [0x00000000c1400000, 0x0000000100000000)
  region size 1024K, 3 young (3072K), 3 survivors (3072K)
 Metaspace       used 8422K, committed 8640K, reserved 1064960K
  class space    used 932K, committed 1024K, reserved 1048576K
}
Event: 20.365 GC heap before
{Heap before GC invocations=13 (full 0):
 garbage-first heap   total 140288K, used 54272K [0x00000000c1400000, 0x0000000100000000)
  region size 1024K, 6 young (6144K), 3 survivors (3072K)
 Metaspace       used 8422K, committed 8640K, reserved 1064960K
  class space    used 932K, committed 1024K, reserved 1048576K
}

