# JRE version: Java(TM) SE Runtime Environment (17.0.1+12) (build 17.0.1+12-LTS-39)
# Java VM: Java HotSpot(TM) 64-Bit Server VM (17.0.1+12-LTS-39, mixed mode, sharing, tiered, compressed oops, compressed class ptrs, g1 gc, windows-amd64)
GC Precious Log:
 CPUs: 4 total, 4 available
 Memory: 4009M
 Large Page Support: Disabled
 NUMA Support: Disabled
 Compressed Oops: Enabled (32-bit)
 Heap Region Size: 1M
 Heap Min Capacity: 8M
 Heap Initial Capacity: 64M
 Heap Max Capacity: 1004M
 Pre-touch: Disabled
 Parallel Workers: 4
 Concurrent Workers: 1
 Concurrent Refinement Workers: 4
 Periodic GC: Disabled
Heap:
 garbage-first heap   total 516096K, used 358912K [0x00000000c1400000, 0x0000000100000000)
  region size 1024K, 8 young (8192K), 8 survivors (8192K)
 Metaspace       used 8873K, committed 9152K, reserved 1056768K
  class space    used 922K, committed 1024K, reserved 1048576K
GC Heap History (20 events):
Event: 419.726 GC heap after
{Heap after GC invocations=1808 (full 0):
 garbage-first heap   total 745472K, used 580096K [0x00000000c1400000, 0x0000000100000000)
  region size 1024K, 7 young (7168K), 7 survivors (7168K)
 Metaspace       used 8873K, committed 9152K, reserved 1056768K
  class space    used 922K, committed 1024K, reserved 1048576K
}
Event: 419.746 GC heap before
{Heap before GC invocations=1808 (full 0):
 garbage-first heap   total 745472K, used 584192K [0x00000000c1400000, 0x0000000100000000)
  region size 1024K, 12 young (12288K), 7 survivors (7168K)
 Metaspace       used 8873K, committed 9152K, reserved 1056768K
  class space    used 922K, committed 1024K, reserved 1048576K
}
Event: 419.780 GC heap after
{Heap after GC invocations=1809 (full 0):
 garbage-first heap   total 859136K, used 585575K [0x00000000c1400000, 0x0000000100000000)
  region size 1024K, 5 young (5120K), 5 survivors (5120K)
 Metaspace       used 8873K, committed 9152K, reserved 1056768K
  class space    used 922K, committed 1024K, reserved 1048576K
}
Event: 420.020 GC heap before
{Heap before GC invocations=1809 (full 0):
 garbage-first heap   total 859136K, used 671591K [0x00000000c1400000, 0x0000000100000000)
  region size 1024K, 67 young (68608K), 5 survivors (5120K)
 Metaspace       used 8873K, committed 9152K, reserved 1056768K
  class space    used 922K, committed 1024K, reserved 1048576K
}
Event: 420.220 GC heap after
{Heap after GC invocations=1810 (full 0):
 garbage-first heap   total 859136K, used 663552K [0x00000000c1400000, 0x0000000100000000)
  region size 1024K, 9 young (9216K), 9 survivors (9216K)
 Metaspace       used 8873K, committed 9152K, reserved 1056768K
  class space    used 922K, committed 1024K, reserved 1048576K
}
Event: 420.273 GC heap before
{Heap before GC invocations=1810 (full 0):
 garbage-first heap   total 859136K, used 683008K [0x00000000c1400000, 0x0000000100000000)
  region size 1024K, 24 young (24576K), 9 survivors (9216K)
 Metaspace       used 8873K, committed 9152K, reserved 1056768K
  class space    used 922K, committed 1024K, reserved 1048576K
}
Event: 420.353 GC heap after
{Heap after GC invocations=1811 (full 0):
 garbage-first heap   total 859136K, used 681984K [0x00000000c1400000, 0x0000000100000000)
  region size 1024K, 6 young (6144K), 6 survivors (6144K)
 Metaspace       used 8873K, committed 9152K, reserved 1056768K
  class space    used 922K, committed 1024K, reserved 1048576K
}
Event: 420.495 GC heap before
{Heap before GC invocations=1812 (full 0):
 garbage-first heap   total 174080K, used 85504K [0x00000000c1400000, 0x0000000100000000)
  region size 1024K, 41 young (41984K), 6 survivors (6144K)
 Metaspace       used 8873K, committed 9152K, reserved 1056768K
  class space    used 922K, committed 1024K, reserved 1048576K
}
Event: 420.603 GC heap after
{Heap after GC invocations=1813 (full 0):
 garbage-first heap   total 174080K, used 74752K [0x00000000c1400000, 0x0000000100000000)
  region size 1024K, 6 young (6144K), 6 survivors (6144K)
 Metaspace       used 8873K, committed 9152K, reserved 1056768K
  class space    used 922K, committed 1024K, reserved 1048576K
}
Event: 420.634 GC heap before
{Heap before GC invocations=1813 (full 0):
 garbage-first heap   total 174080K, used 76800K [0x00000000c1400000, 0x0000000100000000)
  region size 1024K, 8 young (8192K), 6 survivors (6144K)
 Metaspace       used 8873K, committed 9152K, reserved 1056768K
  class space    used 922K, committed 1024K, reserved 1048576K
}
Event: 420.663 GC heap after
{Heap after GC invocations=1814 (full 0):
 garbage-first heap   total 174080K, used 74752K [0x00000000c1400000, 0x0000000100000000)
  region size 1024K, 1 young (1024K), 1 survivors (1024K)
 Metaspace       used 8873K, committed 9152K, reserved 1056768K
  class space    used 922K, committed 1024K, reserved 1048576K
}
Event: 420.703 GC heap before
{Heap before GC invocations=1814 (full 0):
 garbage-first heap   total 174080K, used 74752K [0x00000000c1400000, 0x0000000100000000)
  region size 1024K, 2 young (2048K), 1 survivors (1024K)
 Metaspace       used 8873K, committed 9152K, reserved 1056768K
  class space    used 922K, committed 1024K, reserved 1048576K
}
Event: 420.715 GC heap after
{Heap after GC invocations=1815 (full 0):
 garbage-first heap   total 516096K, used 75410K [0x00000000c1400000, 0x0000000100000000)
  region size 1024K, 2 young (2048K), 2 survivors (2048K)
 Metaspace       used 8873K, committed 9152K, reserved 1056768K
  class space    used 922K, committed 1024K, reserved 1048576K
}
Event: 421.019 GC heap before
{Heap before GC invocations=1815 (full 0):
 garbage-first heap   total 516096K, used 176786K [0x00000000c1400000, 0x0000000100000000)
  region size 1024K, 72 young (73728K), 2 survivors (2048K)
 Metaspace       used 8873K, committed 9152K, reserved 1056768K
  class space    used 922K, committed 1024K, reserved 1048576K
}
Event: 421.281 GC heap after
{Heap after GC invocations=1816 (full 0):
 garbage-first heap   total 516096K, used 166368K [0x00000000c1400000, 0x0000000100000000)
  region size 1024K, 9 young (9216K), 9 survivors (9216K)
 Metaspace       used 8873K, committed 9152K, reserved 1056768K
  class space    used 922K, committed 1024K, reserved 1048576K
}
Event: 421.481 GC heap before
{Heap before GC invocations=1816 (full 0):
 garbage-first heap   total 516096K, used 244192K [0x00000000c1400000, 0x0000000100000000)
  region size 1024K, 65 young (66560K), 9 survivors (9216K)
 Metaspace       used 8873K, committed 9152K, reserved 1056768K
  class space    used 922K, committed 1024K, reserved 1048576K
}
Event: 421.706 GC heap after
{Heap after GC invocations=1817 (full 0):
 garbage-first heap   total 516096K, used 237056K [0x00000000c1400000, 0x0000000100000000)
  region size 1024K, 9 young (9216K), 9 survivors (9216K)
 Metaspace       used 8873K, committed 9152K, reserved 1056768K
  class space    used 922K, committed 1024K, reserved 1048576K
}
Event: 421.903 GC heap before
{Heap before GC invocations=1817 (full 0):
 garbage-first heap   total 516096K, used 306688K [0x00000000c1400000, 0x0000000100000000)
  region size 1024K, 60 young (61440K), 9 survivors (9216K)
 Metaspace       used 8873K, committed 9152K, reserved 1056768K
  class space    used 922K, committed 1024K, reserved 1048576K
}
Event: 422.120 GC heap after
{Heap after GC invocations=1818 (full 0):
 garbage-first heap   total 516096K, used 300544K [0x00000000c1400000, 0x0000000100000000)
  region size 1024K, 8 young (8192K), 8 survivors (8192K)
 Metaspace       used 8873K, committed 9152K, reserved 1056768K
  class space    used 922K, committed 1024K, reserved 1048576K
}
Event: 422.318 GC heap before
{Heap before GC invocations=1818 (full 0):
 garbage-first heap   total 516096K, used 364032K [0x00000000c1400000, 0x0000000100000000)
  region size 1024K, 57 young (58368K), 8 survivors (8192K)
 Metaspace       used 8873K, committed 9152K, reserved 1056768K
  class space    used 922K, committed 1024K, reserved 1048576K
}

