# JRE version: Java(TM) SE Runtime Environment (17.0.1+12) (build 17.0.1+12-LTS-39)
# Java VM: Java HotSpot(TM) 64-Bit Server VM (17.0.1+12-LTS-39, mixed mode, sharing, tiered, compressed oops, compressed class ptrs, g1 gc, windows-amd64)
GC Precious Log:
 CPUs: 4 total, 4 available
 Memory: 4009M
 Large Page Support: Disabled
 NUMA Support: Disabled
 Compressed Oops: Enabled (32-bit)
 Heap Region Size: 1M
 Heap Min Capacity: 8M
 Heap Initial Capacity: 64M
 Heap Max Capacity: 1004M
 Pre-touch: Disabled
 Parallel Workers: 4
 Concurrent Workers: 1
 Concurrent Refinement Workers: 4
 Periodic GC: Disabled
Heap:
 garbage-first heap   total 131072K, used 83456K [0x00000000c1400000, 0x0000000100000000)
  region size 1024K, 3 young (3072K), 3 survivors (3072K)
 Metaspace       used 5984K, committed 6400K, reserved 1056768K
  class space    used 675K, committed 896K, reserved 1048576K
GC Heap History (17 events):
Event: 1.394 GC heap before
{Heap before GC invocations=0 (full 0):
 garbage-first heap   total 65536K, used 13312K [0x00000000c1400000, 0x0000000100000000)
  region size 1024K, 13 young (13312K), 0 survivors (0K)
 Metaspace       used 5868K, committed 6272K, reserved 1056768K
  class space    used 674K, committed 896K, reserved 1048576K
}
Event: 1.414 GC heap after
{Heap after GC invocations=1 (full 0):
 garbage-first heap   total 65536K, used 4785K [0x00000000c1400000, 0x0000000100000000)
  region size 1024K, 2 young (2048K), 2 survivors (2048K)
 Metaspace       used 5868K, committed 6272K, reserved 1056768K
  class space    used 674K, committed 896K, reserved 1048576K
}
Event: 1.560 GC heap before
{Heap before GC invocations=1 (full 0):
 garbage-first heap   total 65536K, used 16049K [0x00000000c1400000, 0x0000000100000000)
  region size 1024K, 13 young (13312K), 2 survivors (2048K)
 Metaspace       used 5904K, committed 6272K, reserved 1056768K
  class space    used 674K, committed 896K, reserved 1048576K
}
Event: 1.574 GC heap after
{Heap after GC invocations=2 (full 0):
 garbage-first heap   total 65536K, used 11395K [0x00000000c1400000, 0x0000000100000000)
  region size 1024K, 2 young (2048K), 2 survivors (2048K)
 Metaspace       used 5904K, committed 6272K, reserved 1056768K
  class space    used 674K, committed 896K, reserved 1048576K
}
Event: 1.641 GC heap before
{Heap before GC invocations=2 (full 0):
 garbage-first heap   total 65536K, used 24707K [0x00000000c1400000, 0x0000000100000000)
  region size 1024K, 15 young (15360K), 2 survivors (2048K)
 Metaspace       used 5910K, committed 6272K, reserved 1056768K
  class space    used 674K, committed 896K, reserved 1048576K
}
Event: 1.652 GC heap after
{Heap after GC invocations=3 (full 0):
 garbage-first heap   total 65536K, used 18416K [0x00000000c1400000, 0x0000000100000000)
  region size 1024K, 2 young (2048K), 2 survivors (2048K)
 Metaspace       used 5910K, committed 6272K, reserved 1056768K
  class space    used 674K, committed 896K, reserved 1048576K
}
Event: 1.737 GC heap before
{Heap before GC invocations=3 (full 0):
 garbage-first heap   total 65536K, used 33776K [0x00000000c1400000, 0x0000000100000000)
  region size 1024K, 17 young (17408K), 2 survivors (2048K)
 Metaspace       used 5923K, committed 6272K, reserved 1056768K
  class space    used 674K, committed 896K, reserved 1048576K
}
Event: 1.749 GC heap after
{Heap after GC invocations=4 (full 0):
 garbage-first heap   total 65536K, used 26505K [0x00000000c1400000, 0x0000000100000000)
  region size 1024K, 3 young (3072K), 3 survivors (3072K)
 Metaspace       used 5923K, committed 6272K, reserved 1056768K
  class space    used 674K, committed 896K, reserved 1048576K
}
Event: 1.822 GC heap before
{Heap before GC invocations=4 (full 0):
 garbage-first heap   total 65536K, used 39817K [0x00000000c1400000, 0x0000000100000000)
  region size 1024K, 16 young (16384K), 3 survivors (3072K)
 Metaspace       used 5927K, committed 6272K, reserved 1056768K
  class space    used 674K, committed 896K, reserved 1048576K
}
Event: 1.836 GC heap after
{Heap after GC invocations=5 (full 0):
 garbage-first heap   total 131072K, used 33388K [0x00000000c1400000, 0x0000000100000000)
  region size 1024K, 2 young (2048K), 2 survivors (2048K)
 Metaspace       used 5927K, committed 6272K, reserved 1056768K
  class space    used 674K, committed 896K, reserved 1048576K
}
Event: 1.982 GC heap before
{Heap before GC invocations=5 (full 0):
 garbage-first heap   total 131072K, used 65132K [0x00000000c1400000, 0x0000000100000000)
  region size 1024K, 33 young (33792K), 2 survivors (2048K)
 Metaspace       used 5954K, committed 6400K, reserved 1056768K
  class space    used 674K, committed 896K, reserved 1048576K
}
Event: 2.002 GC heap after
{Heap after GC invocations=6 (full 0):
 garbage-first heap   total 131072K, used 48830K [0x00000000c1400000, 0x0000000100000000)
  region size 1024K, 5 young (5120K), 5 survivors (5120K)
 Metaspace       used 5954K, committed 6400K, reserved 1056768K
  class space    used 674K, committed 896K, reserved 1048576K
}
Event: 2.098 GC heap before
{Heap before GC invocations=6 (full 0):
 garbage-first heap   total 131072K, used 74430K [0x00000000c1400000, 0x0000000100000000)
  region size 1024K, 30 young (30720K), 5 survivors (5120K)
 Metaspace       used 5955K, committed 6400K, reserved 1056768K
  class space    used 675K, committed 896K, reserved 1048576K
}
Event: 2.117 GC heap after
{Heap after GC invocations=7 (full 0):
 garbage-first heap   total 131072K, used 61952K [0x00000000c1400000, 0x0000000100000000)
  region size 1024K, 4 young (4096K), 4 survivors (4096K)
 Metaspace       used 5955K, committed 6400K, reserved 1056768K
  class space    used 675K, committed 896K, reserved 1048576K
}
Event: 2.206 GC heap before
{Heap before GC invocations=7 (full 0):
 garbage-first heap   total 131072K, used 84480K [0x00000000c1400000, 0x0000000100000000)
  region size 1024K, 26 young (26624K), 4 survivors (4096K)
 Metaspace       used 5957K, committed 6400K, reserved 1056768K
  class space    used 675K, committed 896K, reserved 1048576K
}
Event: 2.223 GC heap after
{Heap after GC invocations=8 (full 0):
 garbage-first heap   total 131072K, used 73728K [0x00000000c1400000, 0x0000000100000000)
  region size 1024K, 4 young (4096K), 4 survivors (4096K)
 Metaspace       used 5957K, committed 6400K, reserved 1056768K
  class space    used 675K, committed 896K, reserved 1048576K
}
Event: 2.304 GC heap before
{Heap before GC invocations=8 (full 0):
 garbage-first heap   total 131072K, used 92160K [0x00000000c1400000, 0x0000000100000000)
  region size 1024K, 22 young (22528K), 4 survivors (4096K)
 Metaspace       used 5984K, committed 6400K, reserved 1056768K
  class space    used 675K, committed 896K, reserved 1048576K
}

