# JRE version: Java(TM) SE Runtime Environment (17.0.1+12) (build 17.0.1+12-LTS-39)
# Java VM: Java HotSpot(TM) 64-Bit Server VM (17.0.1+12-LTS-39, mixed mode, sharing, tiered, compressed oops, compressed class ptrs, g1 gc, windows-amd64)
GC Precious Log:
 CPUs: 4 total, 4 available
 Memory: 4009M
 Large Page Support: Disabled
 NUMA Support: Disabled
 Compressed Oops: Enabled (32-bit)
 Heap Region Size: 1M
 Heap Min Capacity: 8M
 Heap Initial Capacity: 64M
 Heap Max Capacity: 1004M
 Pre-touch: Disabled
 Parallel Workers: 4
 Concurrent Workers: 1
 Concurrent Refinement Workers: 4
 Periodic GC: Disabled
Heap:
 garbage-first heap   total 518144K, used 279354K [0x00000000c1400000, 0x0000000100000000)
  region size 1024K, 5 young (5120K), 5 survivors (5120K)
 Metaspace       used 8231K, committed 8448K, reserved 1056768K
  class space    used 926K, committed 1024K, reserved 1048576K
GC Heap History (20 events):
Event: 3.666 GC heap after
{Heap after GC invocations=8 (full 0):
 garbage-first heap   total 196608K, used 36761K [0x00000000c1400000, 0x0000000100000000)
  region size 1024K, 1 young (1024K), 1 survivors (1024K)
 Metaspace       used 7974K, committed 8192K, reserved 1056768K
  class space    used 926K, committed 1024K, reserved 1048576K
}
Event: 3.815 GC heap before
{Heap before GC invocations=8 (full 0):
 garbage-first heap   total 196608K, used 92057K [0x00000000c1400000, 0x0000000100000000)
  region size 1024K, 39 young (39936K), 1 survivors (1024K)
 Metaspace       used 8054K, committed 8256K, reserved 1056768K
  class space    used 926K, committed 1024K, reserved 1048576K
}
Event: 3.926 GC heap after
{Heap after GC invocations=9 (full 0):
 garbage-first heap   total 196608K, used 86599K [0x00000000c1400000, 0x0000000100000000)
  region size 1024K, 5 young (5120K), 5 survivors (5120K)
 Metaspace       used 8054K, committed 8256K, reserved 1056768K
  class space    used 926K, committed 1024K, reserved 1048576K
}
Event: 3.990 GC heap before
{Heap before GC invocations=9 (full 0):
 garbage-first heap   total 196608K, used 111175K [0x00000000c1400000, 0x0000000100000000)
  region size 1024K, 24 young (24576K), 5 survivors (5120K)
 Metaspace       used 8067K, committed 8256K, reserved 1056768K
  class space    used 926K, committed 1024K, reserved 1048576K
}
Event: 4.055 GC heap after
{Heap after GC invocations=10 (full 0):
 garbage-first heap   total 196608K, used 110592K [0x00000000c1400000, 0x0000000100000000)
  region size 1024K, 4 young (4096K), 4 survivors (4096K)
 Metaspace       used 8067K, committed 8256K, reserved 1056768K
  class space    used 926K, committed 1024K, reserved 1048576K
}
Event: 4.143 GC heap before
{Heap before GC invocations=10 (full 0):
 garbage-first heap   total 178176K, used 65536K [0x00000000c1400000, 0x0000000100000000)
  region size 1024K, 24 young (24576K), 4 survivors (4096K)
 Metaspace       used 8095K, committed 8320K, reserved 1056768K
  class space    used 926K, committed 1024K, reserved 1048576K
}
Event: 4.189 GC heap after
{Heap after GC invocations=11 (full 0):
 garbage-first heap   total 178176K, used 64000K [0x00000000c1400000, 0x0000000100000000)
  region size 1024K, 3 young (3072K), 3 survivors (3072K)
 Metaspace       used 8095K, committed 8320K, reserved 1056768K
  class space    used 926K, committed 1024K, reserved 1048576K
}
Event: 4.286 GC heap before
{Heap before GC invocations=12 (full 0):
 garbage-first heap   total 178176K, used 102912K [0x00000000c1400000, 0x0000000100000000)
  region size 1024K, 31 young (31744K), 3 survivors (3072K)
 Metaspace       used 8117K, committed 8320K, reserved 1056768K
  class space    used 926K, committed 1024K, reserved 1048576K
}
Event: 4.357 GC heap after
{Heap after GC invocations=13 (full 0):
 garbage-first heap   total 178176K, used 99328K [0x00000000c1400000, 0x0000000100000000)
  region size 1024K, 4 young (4096K), 4 survivors (4096K)
 Metaspace       used 8117K, committed 8320K, reserved 1056768K
  class space    used 926K, committed 1024K, reserved 1048576K
}
Event: 4.371 GC heap before
{Heap before GC invocations=13 (full 0):
 garbage-first heap   total 178176K, used 102400K [0x00000000c1400000, 0x0000000100000000)
  region size 1024K, 8 young (8192K), 4 survivors (4096K)
 Metaspace       used 8123K, committed 8320K, reserved 1056768K
  class space    used 926K, committed 1024K, reserved 1048576K
}
Event: 4.389 GC heap after
{Heap after GC invocations=14 (full 0):
 garbage-first heap   total 178176K, used 98816K [0x00000000c1400000, 0x0000000100000000)
  region size 1024K, 1 young (1024K), 1 survivors (1024K)
 Metaspace       used 8123K, committed 8320K, reserved 1056768K
  class space    used 926K, committed 1024K, reserved 1048576K
}
Event: 4.393 GC heap before
{Heap before GC invocations=14 (full 0):
 garbage-first heap   total 178176K, used 98816K [0x00000000c1400000, 0x0000000100000000)
  region size 1024K, 2 young (2048K), 1 survivors (1024K)
 Metaspace       used 8126K, committed 8320K, reserved 1056768K
  class space    used 926K, committed 1024K, reserved 1048576K
}
Event: 4.400 GC heap after
{Heap after GC invocations=15 (full 0):
 garbage-first heap   total 518144K, used 99643K [0x00000000c1400000, 0x0000000100000000)
  region size 1024K, 2 young (2048K), 2 survivors (2048K)
 Metaspace       used 8126K, committed 8320K, reserved 1056768K
  class space    used 926K, committed 1024K, reserved 1048576K
}
Event: 4.595 GC heap before
{Heap before GC invocations=15 (full 0):
 garbage-first heap   total 518144K, used 174395K [0x00000000c1400000, 0x0000000100000000)
  region size 1024K, 54 young (55296K), 2 survivors (2048K)
 Metaspace       used 8164K, committed 8384K, reserved 1056768K
  class space    used 926K, committed 1024K, reserved 1048576K
}
Event: 4.736 GC heap after
{Heap after GC invocations=16 (full 0):
 garbage-first heap   total 518144K, used 166636K [0x00000000c1400000, 0x0000000100000000)
  region size 1024K, 7 young (7168K), 7 survivors (7168K)
 Metaspace       used 8164K, committed 8384K, reserved 1056768K
  class space    used 926K, committed 1024K, reserved 1048576K
}
Event: 4.881 GC heap before
{Heap before GC invocations=16 (full 0):
 garbage-first heap   total 518144K, used 232172K [0x00000000c1400000, 0x0000000100000000)
  region size 1024K, 52 young (53248K), 7 survivors (7168K)
 Metaspace       used 8179K, committed 8384K, reserved 1056768K
  class space    used 926K, committed 1024K, reserved 1048576K
}
Event: 5.031 GC heap after
{Heap after GC invocations=17 (full 0):
 garbage-first heap   total 518144K, used 227328K [0x00000000c1400000, 0x0000000100000000)
  region size 1024K, 7 young (7168K), 7 survivors (7168K)
 Metaspace       used 8179K, committed 8384K, reserved 1056768K
  class space    used 926K, committed 1024K, reserved 1048576K
}
Event: 5.158 GC heap before
{Heap before GC invocations=17 (full 0):
 garbage-first heap   total 518144K, used 280576K [0x00000000c1400000, 0x0000000100000000)
  region size 1024K, 46 young (47104K), 7 survivors (7168K)
 Metaspace       used 8231K, committed 8448K, reserved 1056768K
  class space    used 926K, committed 1024K, reserved 1048576K
}
Event: 5.273 GC heap after
{Heap after GC invocations=18 (full 0):
 garbage-first heap   total 518144K, used 273408K [0x00000000c1400000, 0x0000000100000000)
  region size 1024K, 6 young (6144K), 6 survivors (6144K)
 Metaspace       used 8231K, committed 8448K, reserved 1056768K
  class space    used 926K, committed 1024K, reserved 1048576K
}
Event: 5.288 GC heap before
{Heap before GC invocations=18 (full 0):
 garbage-first heap   total 518144K, used 277504K [0x00000000c1400000, 0x0000000100000000)
  region size 1024K, 11 young (11264K), 6 survivors (6144K)
 Metaspace       used 8231K, committed 8448K, reserved 1056768K
  class space    used 926K, committed 1024K, reserved 1048576K
}

