# JRE version: Java(TM) SE Runtime Environment (17.0.1+12) (build 17.0.1+12-LTS-39)
# Java VM: Java HotSpot(TM) 64-Bit Server VM (17.0.1+12-LTS-39, mixed mode, sharing, tiered, compressed oops, compressed class ptrs, g1 gc, windows-amd64)
GC Precious Log:
 CPUs: 4 total, 4 available
 Memory: 4009M
 Large Page Support: Disabled
 NUMA Support: Disabled
 Compressed Oops: Enabled (32-bit)
 Heap Region Size: 1M
 Heap Min Capacity: 8M
 Heap Initial Capacity: 8M
 Heap Max Capacity: 1004M
 Pre-touch: Disabled
 Parallel Workers: 4
 Concurrent Workers: 1
 Concurrent Refinement Workers: 4
 Periodic GC: Disabled
Heap:
 garbage-first heap   total 58368K, used 34502K [0x00000000c1400000, 0x0000000100000000)
  region size 1024K, 2 young (2048K), 2 survivors (2048K)
 Metaspace       used 10159K, committed 10368K, reserved 1064960K
  class space    used 1087K, committed 1216K, reserved 1048576K
GC Heap History (20 events):
Event: 13.463 GC heap after
{Heap after GC invocations=37 (full 0):
 garbage-first heap   total 34816K, used 17271K [0x00000000c1400000, 0x0000000100000000)
  region size 1024K, 1 young (1024K), 1 survivors (1024K)
 Metaspace       used 8056K, committed 8192K, reserved 1064960K
  class space    used 887K, committed 960K, reserved 1048576K
}
Event: 13.732 GC heap before
{Heap before GC invocations=37 (full 0):
 garbage-first heap   total 34816K, used 21367K [0x00000000c1400000, 0x0000000100000000)
  region size 1024K, 7 young (7168K), 1 survivors (1024K)
 Metaspace       used 8060K, committed 8192K, reserved 1064960K
  class space    used 887K, committed 960K, reserved 1048576K
}
Event: 13.735 GC heap after
{Heap after GC invocations=38 (full 0):
 garbage-first heap   total 34816K, used 19029K [0x00000000c1400000, 0x0000000100000000)
  region size 1024K, 1 young (1024K), 1 survivors (1024K)
 Metaspace       used 8060K, committed 8192K, reserved 1064960K
  class space    used 887K, committed 960K, reserved 1048576K
}
Event: 14.213 GC heap before
{Heap before GC invocations=39 (full 0):
 garbage-first heap   total 35840K, used 25173K [0x00000000c1400000, 0x0000000100000000)
  region size 1024K, 6 young (6144K), 1 survivors (1024K)
 Metaspace       used 8981K, committed 9216K, reserved 1064960K
  class space    used 1001K, committed 1088K, reserved 1048576K
}
Event: 14.225 GC heap after
{Heap after GC invocations=40 (full 0):
 garbage-first heap   total 35840K, used 20870K [0x00000000c1400000, 0x0000000100000000)
  region size 1024K, 1 young (1024K), 1 survivors (1024K)
 Metaspace       used 8981K, committed 9216K, reserved 1064960K
  class space    used 1001K, committed 1088K, reserved 1048576K
}
Event: 14.458 GC heap before
{Heap before GC invocations=40 (full 0):
 garbage-first heap   total 35840K, used 25990K [0x00000000c1400000, 0x0000000100000000)
  region size 1024K, 6 young (6144K), 1 survivors (1024K)
 Metaspace       used 9263K, committed 9472K, reserved 1064960K
  class space    used 1031K, committed 1152K, reserved 1048576K
}
Event: 14.470 GC heap after
{Heap after GC invocations=41 (full 0):
 garbage-first heap   total 45056K, used 22369K [0x00000000c1400000, 0x0000000100000000)
  region size 1024K, 1 young (1024K), 1 survivors (1024K)
 Metaspace       used 9263K, committed 9472K, reserved 1064960K
  class space    used 1031K, committed 1152K, reserved 1048576K
}
Event: 14.766 GC heap before
{Heap before GC invocations=42 (full 0):
 garbage-first heap   total 45056K, used 30561K [0x00000000c1400000, 0x0000000100000000)
  region size 1024K, 9 young (9216K), 1 survivors (1024K)
 Metaspace       used 9511K, committed 9728K, reserved 1064960K
  class space    used 1054K, committed 1152K, reserved 1048576K
}
Event: 14.775 GC heap after
{Heap after GC invocations=43 (full 0):
 garbage-first heap   total 45056K, used 23789K [0x00000000c1400000, 0x0000000100000000)
  region size 1024K, 2 young (2048K), 2 survivors (2048K)
 Metaspace       used 9511K, committed 9728K, reserved 1064960K
  class space    used 1054K, committed 1152K, reserved 1048576K
}
Event: 14.791 GC heap before
{Heap before GC invocations=43 (full 0):
 garbage-first heap   total 45056K, used 24813K [0x00000000c1400000, 0x0000000100000000)
  region size 1024K, 3 young (3072K), 2 survivors (2048K)
 Metaspace       used 9516K, committed 9728K, reserved 1064960K
  class space    used 1054K, committed 1152K, reserved 1048576K
}
Event: 14.828 GC heap after
{Heap after GC invocations=44 (full 0):
 garbage-first heap   total 45056K, used 23863K [0x00000000c1400000, 0x0000000100000000)
  region size 1024K, 1 young (1024K), 1 survivors (1024K)
 Metaspace       used 9516K, committed 9728K, reserved 1064960K
  class space    used 1054K, committed 1152K, reserved 1048576K
}
Event: 14.891 GC heap before
{Heap before GC invocations=44 (full 0):
 garbage-first heap   total 45056K, used 27959K [0x00000000c1400000, 0x0000000100000000)
  region size 1024K, 6 young (6144K), 1 survivors (1024K)
 Metaspace       used 9534K, committed 9728K, reserved 1064960K
  class space    used 1055K, committed 1152K, reserved 1048576K
}
Event: 14.897 GC heap after
{Heap after GC invocations=45 (full 0):
 garbage-first heap   total 45056K, used 24686K [0x00000000c1400000, 0x0000000100000000)
  region size 1024K, 2 young (2048K), 2 survivors (2048K)
 Metaspace       used 9534K, committed 9728K, reserved 1064960K
  class space    used 1055K, committed 1152K, reserved 1048576K
}
Event: 15.149 GC heap before
{Heap before GC invocations=46 (full 0):
 garbage-first heap   total 50176K, used 33902K [0x00000000c1400000, 0x0000000100000000)
  region size 1024K, 10 young (10240K), 2 survivors (2048K)
 Metaspace       used 9647K, committed 9856K, reserved 1064960K
  class space    used 1066K, committed 1216K, reserved 1048576K
}
Event: 15.161 GC heap after
{Heap after GC invocations=47 (full 0):
 garbage-first heap   total 50176K, used 27310K [0x00000000c1400000, 0x0000000100000000)
  region size 1024K, 2 young (2048K), 2 survivors (2048K)
 Metaspace       used 9647K, committed 9856K, reserved 1064960K
  class space    used 1066K, committed 1216K, reserved 1048576K
}
Event: 15.583 GC heap before
{Heap before GC invocations=47 (full 0):
 garbage-first heap   total 50176K, used 35502K [0x00000000c1400000, 0x0000000100000000)
  region size 1024K, 11 young (11264K), 2 survivors (2048K)
 Metaspace       used 9833K, committed 10112K, reserved 1064960K
  class space    used 1071K, committed 1216K, reserved 1048576K
}
Event: 15.602 GC heap after
{Heap after GC invocations=48 (full 0):
 garbage-first heap   total 50176K, used 29428K [0x00000000c1400000, 0x0000000100000000)
  region size 1024K, 2 young (2048K), 2 survivors (2048K)
 Metaspace       used 9833K, committed 10112K, reserved 1064960K
  class space    used 1071K, committed 1216K, reserved 1048576K
}
Event: 16.043 GC heap before
{Heap before GC invocations=49 (full 0):
 garbage-first heap   total 58368K, used 39668K [0x00000000c1400000, 0x0000000100000000)
  region size 1024K, 10 young (10240K), 2 survivors (2048K)
 Metaspace       used 9973K, committed 10176K, reserved 1064960K
  class space    used 1074K, committed 1216K, reserved 1048576K
}
Event: 16.061 GC heap after
{Heap after GC invocations=50 (full 0):
 garbage-first heap   total 58368K, used 32444K [0x00000000c1400000, 0x0000000100000000)
  region size 1024K, 2 young (2048K), 2 survivors (2048K)
 Metaspace       used 9973K, committed 10176K, reserved 1064960K
  class space    used 1074K, committed 1216K, reserved 1048576K
}
Event: 16.439 GC heap before
{Heap before GC invocations=50 (full 0):
 garbage-first heap   total 58368K, used 43708K [0x00000000c1400000, 0x0000000100000000)
  region size 1024K, 13 young (13312K), 2 survivors (2048K)
 Metaspace       used 10159K, committed 10368K, reserved 1064960K
  class space    used 1087K, committed 1216K, reserved 1048576K
}

