# JRE version: Java(TM) SE Runtime Environment (17.0.1+12) (build 17.0.1+12-LTS-39)
# Java VM: Java HotSpot(TM) 64-Bit Server VM (17.0.1+12-LTS-39, mixed mode, sharing, tiered, compressed oops, compressed class ptrs, g1 gc, windows-amd64)
GC Precious Log:
 CPUs: 4 total, 4 available
 Memory: 4009M
 Large Page Support: Disabled
 NUMA Support: Disabled
 Compressed Oops: Enabled (32-bit)
 Heap Region Size: 1M
 Heap Min Capacity: 8M
 Heap Initial Capacity: 8M
 Heap Max Capacity: 1004M
 Pre-touch: Disabled
 Parallel Workers: 4
 Concurrent Workers: 1
 Concurrent Refinement Workers: 4
 Periodic GC: Disabled
Heap:
 garbage-first heap   total 86016K, used 42846K [0x00000000c1400000, 0x0000000100000000)
  region size 1024K, 1 young (1024K), 1 survivors (1024K)
 Metaspace       used 13515K, committed 13760K, reserved 1064960K
  class space    used 1344K, committed 1472K, reserved 1048576K
GC Heap History (20 events):
Event: 26.788 GC heap after
{Heap after GC invocations=57 (full 0):
 garbage-first heap   total 63488K, used 38446K [0x00000000c1400000, 0x0000000100000000)
  region size 1024K, 2 young (2048K), 2 survivors (2048K)
 Metaspace       used 11180K, committed 11392K, reserved 1064960K
  class space    used 1211K, committed 1344K, reserved 1048576K
}
Event: 27.948 GC heap before
{Heap before GC invocations=58 (full 0):
 garbage-first heap   total 66560K, used 49710K [0x00000000c1400000, 0x0000000100000000)
  region size 1024K, 13 young (13312K), 2 survivors (2048K)
 Metaspace       used 12011K, committed 12288K, reserved 1064960K
  class space    used 1281K, committed 1408K, reserved 1048576K
}
Event: 27.967 GC heap after
{Heap after GC invocations=59 (full 0):
 garbage-first heap   total 66560K, used 39708K [0x00000000c1400000, 0x0000000100000000)
  region size 1024K, 2 young (2048K), 2 survivors (2048K)
 Metaspace       used 12011K, committed 12288K, reserved 1064960K
  class space    used 1281K, committed 1408K, reserved 1048576K
}
Event: 29.056 GC heap before
{Heap before GC invocations=59 (full 0):
 garbage-first heap   total 66560K, used 51996K [0x00000000c1400000, 0x0000000100000000)
  region size 1024K, 14 young (14336K), 2 survivors (2048K)
 Metaspace       used 12563K, committed 12800K, reserved 1064960K
  class space    used 1326K, committed 1408K, reserved 1048576K
}
Event: 29.070 GC heap after
{Heap after GC invocations=60 (full 0):
 garbage-first heap   total 86016K, used 40483K [0x00000000c1400000, 0x0000000100000000)
  region size 1024K, 1 young (1024K), 1 survivors (1024K)
 Metaspace       used 12563K, committed 12800K, reserved 1064960K
  class space    used 1326K, committed 1408K, reserved 1048576K
}
Event: 31.108 GC heap before
{Heap before GC invocations=61 (full 0):
 garbage-first heap   total 86016K, used 66083K [0x00000000c1400000, 0x0000000100000000)
  region size 1024K, 26 young (26624K), 1 survivors (1024K)
 Metaspace       used 13012K, committed 13248K, reserved 1064960K
  class space    used 1341K, committed 1472K, reserved 1048576K
}
Event: 31.124 GC heap after
{Heap after GC invocations=62 (full 0):
 garbage-first heap   total 86016K, used 41541K [0x00000000c1400000, 0x0000000100000000)
  region size 1024K, 2 young (2048K), 2 survivors (2048K)
 Metaspace       used 13012K, committed 13248K, reserved 1064960K
  class space    used 1341K, committed 1472K, reserved 1048576K
}
Event: 31.282 GC heap before
{Heap before GC invocations=62 (full 0):
 garbage-first heap   total 86016K, used 43589K [0x00000000c1400000, 0x0000000100000000)
  region size 1024K, 4 young (4096K), 2 survivors (2048K)
 Metaspace       used 13036K, committed 13248K, reserved 1064960K
  class space    used 1341K, committed 1472K, reserved 1048576K
}
Event: 31.302 GC heap after
{Heap after GC invocations=63 (full 0):
 garbage-first heap   total 86016K, used 41216K [0x00000000c1400000, 0x0000000100000000)
  region size 1024K, 1 young (1024K), 1 survivors (1024K)
 Metaspace       used 13036K, committed 13248K, reserved 1064960K
  class space    used 1341K, committed 1472K, reserved 1048576K
}
Event: 32.777 GC heap before
{Heap before GC invocations=63 (full 0):
 garbage-first heap   total 86016K, used 67840K [0x00000000c1400000, 0x0000000100000000)
  region size 1024K, 27 young (27648K), 1 survivors (1024K)
 Metaspace       used 13209K, committed 13504K, reserved 1064960K
  class space    used 1342K, committed 1472K, reserved 1048576K
}
Event: 32.786 GC heap after
{Heap after GC invocations=64 (full 0):
 garbage-first heap   total 86016K, used 41591K [0x00000000c1400000, 0x0000000100000000)
  region size 1024K, 1 young (1024K), 1 survivors (1024K)
 Metaspace       used 13209K, committed 13504K, reserved 1064960K
  class space    used 1342K, committed 1472K, reserved 1048576K
}
Event: 34.370 GC heap before
{Heap before GC invocations=65 (full 0):
 garbage-first heap   total 86016K, used 70263K [0x00000000c1400000, 0x0000000100000000)
  region size 1024K, 29 young (29696K), 1 survivors (1024K)
 Metaspace       used 13319K, committed 13568K, reserved 1064960K
  class space    used 1344K, committed 1472K, reserved 1048576K
}
Event: 34.395 GC heap after
{Heap after GC invocations=66 (full 0):
 garbage-first heap   total 86016K, used 42240K [0x00000000c1400000, 0x0000000100000000)
  region size 1024K, 2 young (2048K), 2 survivors (2048K)
 Metaspace       used 13319K, committed 13568K, reserved 1064960K
  class space    used 1344K, committed 1472K, reserved 1048576K
}
Event: 34.460 GC heap before
{Heap before GC invocations=66 (full 0):
 garbage-first heap   total 86016K, used 44288K [0x00000000c1400000, 0x0000000100000000)
  region size 1024K, 4 young (4096K), 2 survivors (2048K)
 Metaspace       used 13319K, committed 13568K, reserved 1064960K
  class space    used 1344K, committed 1472K, reserved 1048576K
}
Event: 34.494 GC heap after
{Heap after GC invocations=67 (full 0):
 garbage-first heap   total 86016K, used 41931K [0x00000000c1400000, 0x0000000100000000)
  region size 1024K, 1 young (1024K), 1 survivors (1024K)
 Metaspace       used 13319K, committed 13568K, reserved 1064960K
  class space    used 1344K, committed 1472K, reserved 1048576K
}
Event: 35.837 GC heap before
{Heap before GC invocations=67 (full 0):
 garbage-first heap   total 86016K, used 70603K [0x00000000c1400000, 0x0000000100000000)
  region size 1024K, 29 young (29696K), 1 survivors (1024K)
 Metaspace       used 13379K, committed 13632K, reserved 1064960K
  class space    used 1344K, committed 1472K, reserved 1048576K
}
Event: 35.845 GC heap after
{Heap after GC invocations=68 (full 0):
 garbage-first heap   total 86016K, used 42423K [0x00000000c1400000, 0x0000000100000000)
  region size 1024K, 1 young (1024K), 1 survivors (1024K)
 Metaspace       used 13379K, committed 13632K, reserved 1064960K
  class space    used 1344K, committed 1472K, reserved 1048576K
}
Event: 37.213 GC heap before
{Heap before GC invocations=69 (full 0):
 garbage-first heap   total 86016K, used 75191K [0x00000000c1400000, 0x0000000100000000)
  region size 1024K, 30 young (30720K), 1 survivors (1024K)
 Metaspace       used 13498K, committed 13760K, reserved 1064960K
  class space    used 1344K, committed 1472K, reserved 1048576K
}
Event: 37.243 GC heap after
{Heap after GC invocations=70 (full 0):
 garbage-first heap   total 86016K, used 44109K [0x00000000c1400000, 0x0000000100000000)
  region size 1024K, 2 young (2048K), 2 survivors (2048K)
 Metaspace       used 13498K, committed 13760K, reserved 1064960K
  class space    used 1344K, committed 1472K, reserved 1048576K
}
Event: 37.325 GC heap before
{Heap before GC invocations=70 (full 0):
 garbage-first heap   total 86016K, used 46157K [0x00000000c1400000, 0x0000000100000000)
  region size 1024K, 4 young (4096K), 2 survivors (2048K)
 Metaspace       used 13515K, committed 13760K, reserved 1064960K
  class space    used 1344K, committed 1472K, reserved 1048576K
}

