# JRE version: Java(TM) SE Runtime Environment (17.0.1+12) (build 17.0.1+12-LTS-39)
# Java VM: Java HotSpot(TM) 64-Bit Server VM (17.0.1+12-LTS-39, mixed mode, sharing, tiered, compressed oops, compressed class ptrs, g1 gc, windows-amd64)
GC Precious Log:
 CPUs: 4 total, 4 available
 Memory: 4009M
 Large Page Support: Disabled
 NUMA Support: Disabled
 Compressed Oops: Enabled (32-bit)
 Heap Region Size: 1M
 Heap Min Capacity: 8M
 Heap Initial Capacity: 8M
 Heap Max Capacity: 1004M
 Pre-touch: Disabled
 Parallel Workers: 4
 Concurrent Workers: 1
 Concurrent Refinement Workers: 4
 Periodic GC: Disabled
Heap:
 garbage-first heap   total 99328K, used 42223K [0x00000000c1400000, 0x0000000100000000)
  region size 1024K, 3 young (3072K), 3 survivors (3072K)
 Metaspace       used 13180K, committed 13440K, reserved 1064960K
  class space    used 1342K, committed 1472K, reserved 1048576K
GC Heap History (20 events):
Event: 14.735 GC heap after
{Heap after GC invocations=40 (full 0):
 garbage-first heap   total 30720K, used 19295K [0x00000000c1400000, 0x0000000100000000)
  region size 1024K, 1 young (1024K), 1 survivors (1024K)
 Metaspace       used 8060K, committed 8192K, reserved 1064960K
  class space    used 886K, committed 960K, reserved 1048576K
}
Event: 15.053 GC heap before
{Heap before GC invocations=41 (full 0):
 garbage-first heap   total 35840K, used 23391K [0x00000000c1400000, 0x0000000100000000)
  region size 1024K, 4 young (4096K), 1 survivors (1024K)
 Metaspace       used 8447K, committed 8640K, reserved 1064960K
  class space    used 929K, committed 1024K, reserved 1048576K
}
Event: 15.062 GC heap after
{Heap after GC invocations=42 (full 0):
 garbage-first heap   total 35840K, used 20113K [0x00000000c1400000, 0x0000000100000000)
  region size 1024K, 1 young (1024K), 1 survivors (1024K)
 Metaspace       used 8447K, committed 8640K, reserved 1064960K
  class space    used 929K, committed 1024K, reserved 1048576K
}
Event: 15.467 GC heap before
{Heap before GC invocations=42 (full 0):
 garbage-first heap   total 35840K, used 26257K [0x00000000c1400000, 0x0000000100000000)
  region size 1024K, 7 young (7168K), 1 survivors (1024K)
 Metaspace       used 9169K, committed 9280K, reserved 1064960K
  class space    used 1018K, committed 1088K, reserved 1048576K
}
Event: 15.482 GC heap after
{Heap after GC invocations=43 (full 0):
 garbage-first heap   total 35840K, used 22338K [0x00000000c1400000, 0x0000000100000000)
  region size 1024K, 1 young (1024K), 1 survivors (1024K)
 Metaspace       used 9169K, committed 9280K, reserved 1064960K
  class space    used 1018K, committed 1088K, reserved 1048576K
}
Event: 15.737 GC heap before
{Heap before GC invocations=44 (full 0):
 garbage-first heap   total 40960K, used 26434K [0x00000000c1400000, 0x0000000100000000)
  region size 1024K, 5 young (5120K), 1 survivors (1024K)
 Metaspace       used 9490K, committed 9664K, reserved 1064960K
  class space    used 1050K, committed 1152K, reserved 1048576K
}
Event: 15.745 GC heap after
{Heap after GC invocations=45 (full 0):
 garbage-first heap   total 40960K, used 23238K [0x00000000c1400000, 0x0000000100000000)
  region size 1024K, 1 young (1024K), 1 survivors (1024K)
 Metaspace       used 9490K, committed 9664K, reserved 1064960K
  class space    used 1050K, committed 1152K, reserved 1048576K
}
Event: 15.760 GC heap before
{Heap before GC invocations=45 (full 0):
 garbage-first heap   total 40960K, used 24262K [0x00000000c1400000, 0x0000000100000000)
  region size 1024K, 2 young (2048K), 1 survivors (1024K)
 Metaspace       used 9502K, committed 9664K, reserved 1064960K
  class space    used 1050K, committed 1152K, reserved 1048576K
}
Event: 15.787 GC heap after
{Heap after GC invocations=46 (full 0):
 garbage-first heap   total 40960K, used 23262K [0x00000000c1400000, 0x0000000100000000)
  region size 1024K, 1 young (1024K), 1 survivors (1024K)
 Metaspace       used 9502K, committed 9664K, reserved 1064960K
  class space    used 1050K, committed 1152K, reserved 1048576K
}
Event: 15.866 GC heap before
{Heap before GC invocations=46 (full 0):
 garbage-first heap   total 40960K, used 28382K [0x00000000c1400000, 0x0000000100000000)
  region size 1024K, 6 young (6144K), 1 survivors (1024K)
 Metaspace       used 9536K, committed 9728K, reserved 1064960K
  class space    used 1053K, committed 1152K, reserved 1048576K
}
Event: 15.871 GC heap after
{Heap after GC invocations=47 (full 0):
 garbage-first heap   total 99328K, used 24107K [0x00000000c1400000, 0x0000000100000000)
  region size 1024K, 1 young (1024K), 1 survivors (1024K)
 Metaspace       used 9536K, committed 9728K, reserved 1064960K
  class space    used 1053K, committed 1152K, reserved 1048576K
}
Event: 16.953 GC heap before
{Heap before GC invocations=48 (full 0):
 garbage-first heap   total 99328K, used 54827K [0x00000000c1400000, 0x0000000100000000)
  region size 1024K, 28 young (28672K), 1 survivors (1024K)
 Metaspace       used 9951K, committed 10176K, reserved 1064960K
  class space    used 1072K, committed 1216K, reserved 1048576K
}
Event: 16.982 GC heap after
{Heap after GC invocations=49 (full 0):
 garbage-first heap   total 99328K, used 31718K [0x00000000c1400000, 0x0000000100000000)
  region size 1024K, 4 young (4096K), 4 survivors (4096K)
 Metaspace       used 9951K, committed 10176K, reserved 1064960K
  class space    used 1072K, committed 1216K, reserved 1048576K
}
Event: 18.207 GC heap before
{Heap before GC invocations=49 (full 0):
 garbage-first heap   total 99328K, used 63462K [0x00000000c1400000, 0x0000000100000000)
  region size 1024K, 35 young (35840K), 4 survivors (4096K)
 Metaspace       used 10484K, committed 10688K, reserved 1064960K
  class space    used 1111K, committed 1216K, reserved 1048576K
}
Event: 18.257 GC heap after
{Heap after GC invocations=50 (full 0):
 garbage-first heap   total 99328K, used 37040K [0x00000000c1400000, 0x0000000100000000)
  region size 1024K, 5 young (5120K), 5 survivors (5120K)
 Metaspace       used 10484K, committed 10688K, reserved 1064960K
  class space    used 1111K, committed 1216K, reserved 1048576K
}
Event: 20.668 GC heap before
{Heap before GC invocations=50 (full 0):
 garbage-first heap   total 99328K, used 66736K [0x00000000c1400000, 0x0000000100000000)
  region size 1024K, 34 young (34816K), 5 survivors (5120K)
 Metaspace       used 12586K, committed 12800K, reserved 1064960K
  class space    used 1327K, committed 1472K, reserved 1048576K
}
Event: 20.739 GC heap after
{Heap after GC invocations=51 (full 0):
 garbage-first heap   total 99328K, used 40168K [0x00000000c1400000, 0x0000000100000000)
  region size 1024K, 3 young (3072K), 3 survivors (3072K)
 Metaspace       used 12586K, committed 12800K, reserved 1064960K
  class space    used 1327K, committed 1472K, reserved 1048576K
}
Event: 22.608 GC heap before
{Heap before GC invocations=51 (full 0):
 garbage-first heap   total 99328K, used 70888K [0x00000000c1400000, 0x0000000100000000)
  region size 1024K, 33 young (33792K), 3 survivors (3072K)
 Metaspace       used 13009K, committed 13248K, reserved 1064960K
  class space    used 1340K, committed 1472K, reserved 1048576K
}
Event: 22.639 GC heap after
{Heap after GC invocations=52 (full 0):
 garbage-first heap   total 99328K, used 41311K [0x00000000c1400000, 0x0000000100000000)
  region size 1024K, 4 young (4096K), 4 survivors (4096K)
 Metaspace       used 13009K, committed 13248K, reserved 1064960K
  class space    used 1340K, committed 1472K, reserved 1048576K
}
Event: 24.650 GC heap before
{Heap before GC invocations=52 (full 0):
 garbage-first heap   total 99328K, used 74079K [0x00000000c1400000, 0x0000000100000000)
  region size 1024K, 36 young (36864K), 4 survivors (4096K)
 Metaspace       used 13180K, committed 13440K, reserved 1064960K
  class space    used 1342K, committed 1472K, reserved 1048576K
}

