# JRE version: Java(TM) SE Runtime Environment (17.0.1+12) (build 17.0.1+12-LTS-39)
# Java VM: Java HotSpot(TM) 64-Bit Server VM (17.0.1+12-LTS-39, mixed mode, sharing, tiered, compressed oops, compressed class ptrs, g1 gc, windows-amd64)
GC Precious Log:
 CPUs: 4 total, 4 available
 Memory: 4009M
 Large Page Support: Disabled
 NUMA Support: Disabled
 Compressed Oops: Enabled (32-bit)
 Heap Region Size: 1M
 Heap Min Capacity: 8M
 Heap Initial Capacity: 64M
 Heap Max Capacity: 1004M
 Pre-touch: Disabled
 Parallel Workers: 4
 Concurrent Workers: 1
 Concurrent Refinement Workers: 4
 Periodic GC: Disabled
Heap:
 garbage-first heap   total 119808K, used 78336K [0x00000000c1400000, 0x0000000100000000)
  region size 1024K, 3 young (3072K), 3 survivors (3072K)
 Metaspace       used 6142K, committed 6464K, reserved 1056768K
  class space    used 701K, committed 832K, reserved 1048576K
GC Heap History (17 events):
Event: 2.003 GC heap before
{Heap before GC invocations=0 (full 0):
 garbage-first heap   total 65536K, used 13312K [0x00000000c1400000, 0x0000000100000000)
  region size 1024K, 13 young (13312K), 0 survivors (0K)
 Metaspace       used 6044K, committed 6336K, reserved 1056768K
  class space    used 701K, committed 832K, reserved 1048576K
}
Event: 2.037 GC heap after
{Heap after GC invocations=1 (full 0):
 garbage-first heap   total 65536K, used 4666K [0x00000000c1400000, 0x0000000100000000)
  region size 1024K, 2 young (2048K), 2 survivors (2048K)
 Metaspace       used 6044K, committed 6336K, reserved 1056768K
  class space    used 701K, committed 832K, reserved 1048576K
}
Event: 2.339 GC heap before
{Heap before GC invocations=1 (full 0):
 garbage-first heap   total 65536K, used 15930K [0x00000000c1400000, 0x0000000100000000)
  region size 1024K, 13 young (13312K), 2 survivors (2048K)
 Metaspace       used 6080K, committed 6336K, reserved 1056768K
  class space    used 701K, committed 832K, reserved 1048576K
}
Event: 2.360 GC heap after
{Heap after GC invocations=2 (full 0):
 garbage-first heap   total 65536K, used 10988K [0x00000000c1400000, 0x0000000100000000)
  region size 1024K, 2 young (2048K), 2 survivors (2048K)
 Metaspace       used 6080K, committed 6336K, reserved 1056768K
  class space    used 701K, committed 832K, reserved 1048576K
}
Event: 2.504 GC heap before
{Heap before GC invocations=2 (full 0):
 garbage-first heap   total 65536K, used 24300K [0x00000000c1400000, 0x0000000100000000)
  region size 1024K, 15 young (15360K), 2 survivors (2048K)
 Metaspace       used 6087K, committed 6336K, reserved 1056768K
  class space    used 701K, committed 832K, reserved 1048576K
}
Event: 2.519 GC heap after
{Heap after GC invocations=3 (full 0):
 garbage-first heap   total 65536K, used 17651K [0x00000000c1400000, 0x0000000100000000)
  region size 1024K, 2 young (2048K), 2 survivors (2048K)
 Metaspace       used 6087K, committed 6336K, reserved 1056768K
  class space    used 701K, committed 832K, reserved 1048576K
}
Event: 2.620 GC heap before
{Heap before GC invocations=3 (full 0):
 garbage-first heap   total 65536K, used 33011K [0x00000000c1400000, 0x0000000100000000)
  region size 1024K, 17 young (17408K), 2 survivors (2048K)
 Metaspace       used 6099K, committed 6400K, reserved 1056768K
  class space    used 701K, committed 832K, reserved 1048576K
}
Event: 2.633 GC heap after
{Heap after GC invocations=4 (full 0):
 garbage-first heap   total 65536K, used 25600K [0x00000000c1400000, 0x0000000100000000)
  region size 1024K, 3 young (3072K), 3 survivors (3072K)
 Metaspace       used 6099K, committed 6400K, reserved 1056768K
  class space    used 701K, committed 832K, reserved 1048576K
}
Event: 2.699 GC heap before
{Heap before GC invocations=4 (full 0):
 garbage-first heap   total 65536K, used 38912K [0x00000000c1400000, 0x0000000100000000)
  region size 1024K, 16 young (16384K), 3 survivors (3072K)
 Metaspace       used 6103K, committed 6400K, reserved 1056768K
  class space    used 701K, committed 832K, reserved 1048576K
}
Event: 2.711 GC heap after
{Heap after GC invocations=5 (full 0):
 garbage-first heap   total 119808K, used 32671K [0x00000000c1400000, 0x0000000100000000)
  region size 1024K, 2 young (2048K), 2 survivors (2048K)
 Metaspace       used 6103K, committed 6400K, reserved 1056768K
  class space    used 701K, committed 832K, reserved 1048576K
}
Event: 2.852 GC heap before
{Heap before GC invocations=5 (full 0):
 garbage-first heap   total 119808K, used 61343K [0x00000000c1400000, 0x0000000100000000)
  region size 1024K, 30 young (30720K), 2 survivors (2048K)
 Metaspace       used 6135K, committed 6464K, reserved 1056768K
  class space    used 701K, committed 832K, reserved 1048576K
}
Event: 2.879 GC heap after
{Heap after GC invocations=6 (full 0):
 garbage-first heap   total 119808K, used 47104K [0x00000000c1400000, 0x0000000100000000)
  region size 1024K, 4 young (4096K), 4 survivors (4096K)
 Metaspace       used 6135K, committed 6464K, reserved 1056768K
  class space    used 701K, committed 832K, reserved 1048576K
}
Event: 2.994 GC heap before
{Heap before GC invocations=6 (full 0):
 garbage-first heap   total 119808K, used 69632K [0x00000000c1400000, 0x0000000100000000)
  region size 1024K, 26 young (26624K), 4 survivors (4096K)
 Metaspace       used 6136K, committed 6464K, reserved 1056768K
  class space    used 701K, committed 832K, reserved 1048576K
}
Event: 3.010 GC heap after
{Heap after GC invocations=7 (full 0):
 garbage-first heap   total 119808K, used 58880K [0x00000000c1400000, 0x0000000100000000)
  region size 1024K, 4 young (4096K), 4 survivors (4096K)
 Metaspace       used 6136K, committed 6464K, reserved 1056768K
  class space    used 701K, committed 832K, reserved 1048576K
}
Event: 3.108 GC heap before
{Heap before GC invocations=7 (full 0):
 garbage-first heap   total 119808K, used 78336K [0x00000000c1400000, 0x0000000100000000)
  region size 1024K, 23 young (23552K), 4 survivors (4096K)
 Metaspace       used 6136K, committed 6464K, reserved 1056768K
  class space    used 701K, committed 832K, reserved 1048576K
}
Event: 3.124 GC heap after
{Heap after GC invocations=8 (full 0):
 garbage-first heap   total 119808K, used 69120K [0x00000000c1400000, 0x0000000100000000)
  region size 1024K, 3 young (3072K), 3 survivors (3072K)
 Metaspace       used 6136K, committed 6464K, reserved 1056768K
  class space    used 701K, committed 832K, reserved 1048576K
}
Event: 3.274 GC heap before
{Heap before GC invocations=8 (full 0):
 garbage-first heap   total 119808K, used 85504K [0x00000000c1400000, 0x0000000100000000)
  region size 1024K, 19 young (19456K), 3 survivors (3072K)
 Metaspace       used 6142K, committed 6464K, reserved 1056768K
  class space    used 701K, committed 832K, reserved 1048576K
}

