# JRE version: Java(TM) SE Runtime Environment (17.0.1+12) (build 17.0.1+12-LTS-39)
# Java VM: Java HotSpot(TM) 64-Bit Server VM (17.0.1+12-LTS-39, mixed mode, sharing, tiered, compressed oops, compressed class ptrs, g1 gc, windows-amd64)
GC Precious Log:
 CPUs: 4 total, 4 available
 Memory: 4009M
 Large Page Support: Disabled
 NUMA Support: Disabled
 Compressed Oops: Enabled (32-bit)
 Heap Region Size: 1M
 Heap Min Capacity: 8M
 Heap Initial Capacity: 64M
 Heap Max Capacity: 1004M
 Pre-touch: Disabled
 Parallel Workers: 4
 Concurrent Workers: 1
 Concurrent Refinement Workers: 4
 Periodic GC: Disabled
Heap:
 garbage-first heap   total 65536K, used 38783K [0x00000000c1400000, 0x0000000100000000)
  region size 1024K, 2 young (2048K), 2 survivors (2048K)
 Metaspace       used 5892K, committed 6208K, reserved 1056768K
  class space    used 659K, committed 832K, reserved 1048576K
GC Heap History (11 events):
Event: 7.157 GC heap before
{Heap before GC invocations=0 (full 0):
 garbage-first heap   total 65536K, used 13312K [0x00000000c1400000, 0x0000000100000000)
  region size 1024K, 13 young (13312K), 0 survivors (0K)
 Metaspace       used 5632K, committed 5888K, reserved 1056768K
  class space    used 637K, committed 768K, reserved 1048576K
}
Event: 7.179 GC heap after
{Heap after GC invocations=1 (full 0):
 garbage-first heap   total 65536K, used 5025K [0x00000000c1400000, 0x0000000100000000)
  region size 1024K, 2 young (2048K), 2 survivors (2048K)
 Metaspace       used 5632K, committed 5888K, reserved 1056768K
  class space    used 637K, committed 768K, reserved 1048576K
}
Event: 7.320 GC heap before
{Heap before GC invocations=1 (full 0):
 garbage-first heap   total 65536K, used 16289K [0x00000000c1400000, 0x0000000100000000)
  region size 1024K, 13 young (13312K), 2 survivors (2048K)
 Metaspace       used 5750K, committed 6016K, reserved 1056768K
  class space    used 649K, committed 768K, reserved 1048576K
}
Event: 7.334 GC heap after
{Heap after GC invocations=2 (full 0):
 garbage-first heap   total 65536K, used 11835K [0x00000000c1400000, 0x0000000100000000)
  region size 1024K, 2 young (2048K), 2 survivors (2048K)
 Metaspace       used 5750K, committed 6016K, reserved 1056768K
  class space    used 649K, committed 768K, reserved 1048576K
}
Event: 7.411 GC heap before
{Heap before GC invocations=2 (full 0):
 garbage-first heap   total 65536K, used 25147K [0x00000000c1400000, 0x0000000100000000)
  region size 1024K, 15 young (15360K), 2 survivors (2048K)
 Metaspace       used 5792K, committed 6080K, reserved 1056768K
  class space    used 650K, committed 768K, reserved 1048576K
}
Event: 7.419 GC heap after
{Heap after GC invocations=3 (full 0):
 garbage-first heap   total 65536K, used 19192K [0x00000000c1400000, 0x0000000100000000)
  region size 1024K, 2 young (2048K), 2 survivors (2048K)
 Metaspace       used 5792K, committed 6080K, reserved 1056768K
  class space    used 650K, committed 768K, reserved 1048576K
}
Event: 7.522 GC heap before
{Heap before GC invocations=3 (full 0):
 garbage-first heap   total 65536K, used 33528K [0x00000000c1400000, 0x0000000100000000)
  region size 1024K, 16 young (16384K), 2 survivors (2048K)
 Metaspace       used 5871K, committed 6208K, reserved 1056768K
  class space    used 659K, committed 832K, reserved 1048576K
}
Event: 7.531 GC heap after
{Heap after GC invocations=4 (full 0):
 garbage-first heap   total 65536K, used 26573K [0x00000000c1400000, 0x0000000100000000)
  region size 1024K, 2 young (2048K), 2 survivors (2048K)
 Metaspace       used 5871K, committed 6208K, reserved 1056768K
  class space    used 659K, committed 832K, reserved 1048576K
}
Event: 7.603 GC heap before
{Heap before GC invocations=4 (full 0):
 garbage-first heap   total 65536K, used 38861K [0x00000000c1400000, 0x0000000100000000)
  region size 1024K, 14 young (14336K), 2 survivors (2048K)
 Metaspace       used 5889K, committed 6208K, reserved 1056768K
  class space    used 659K, committed 832K, reserved 1048576K
}
Event: 7.612 GC heap after
{Heap after GC invocations=5 (full 0):
 garbage-first heap   total 65536K, used 33106K [0x00000000c1400000, 0x0000000100000000)
  region size 1024K, 2 young (2048K), 2 survivors (2048K)
 Metaspace       used 5889K, committed 6208K, reserved 1056768K
  class space    used 659K, committed 832K, reserved 1048576K
}
Event: 7.674 GC heap before
{Heap before GC invocations=5 (full 0):
 garbage-first heap   total 65536K, used 43346K [0x00000000c1400000, 0x0000000100000000)
  region size 1024K, 12 young (12288K), 2 survivors (2048K)
 Metaspace       used 5892K, committed 6208K, reserved 1056768K
  class space    used 659K, committed 832K, reserved 1048576K
}

