# JRE version: Java(TM) SE Runtime Environment (17.0.1+12) (build 17.0.1+12-LTS-39)
# Java VM: Java HotSpot(TM) 64-Bit Server VM (17.0.1+12-LTS-39, mixed mode, sharing, tiered, compressed oops, compressed class ptrs, g1 gc, windows-amd64)
GC Precious Log:
 CPUs: 4 total, 4 available
 Memory: 4009M
 Large Page Support: Disabled
 NUMA Support: Disabled
 Compressed Oops: Enabled (32-bit)
 Heap Region Size: 1M
 Heap Min Capacity: 8M
 Heap Initial Capacity: 64M
 Heap Max Capacity: 1004M
 Pre-touch: Disabled
 Parallel Workers: 4
 Concurrent Workers: 1
 Concurrent Refinement Workers: 4
 Periodic GC: Disabled
Heap:
 garbage-first heap   total 399360K, used 196710K [0x00000000c1400000, 0x0000000100000000)
  region size 1024K, 5 young (5120K), 5 survivors (5120K)
 Metaspace       used 9169K, committed 9344K, reserved 1064960K
  class space    used 945K, committed 1024K, reserved 1048576K
GC Heap History (20 events):
Event: 22.831 GC heap after
{Heap after GC invocations=7 (full 0):
 garbage-first heap   total 186368K, used 55673K [0x00000000c1400000, 0x0000000100000000)
  region size 1024K, 1 young (1024K), 1 survivors (1024K)
 Metaspace       used 8974K, committed 9216K, reserved 1056768K
  class space    used 914K, committed 1024K, reserved 1048576K
}
Event: 23.424 GC heap before
{Heap before GC invocations=8 (full 0):
 garbage-first heap   total 186368K, used 100729K [0x00000000c1400000, 0x0000000100000000)
  region size 1024K, 36 young (36864K), 1 survivors (1024K)
 Metaspace       used 9142K, committed 9280K, reserved 1064960K
  class space    used 944K, committed 1024K, reserved 1048576K
}
Event: 23.617 GC heap after
{Heap after GC invocations=9 (full 0):
 garbage-first heap   total 186368K, used 98443K [0x00000000c1400000, 0x0000000100000000)
  region size 1024K, 5 young (5120K), 5 survivors (5120K)
 Metaspace       used 9142K, committed 9280K, reserved 1064960K
  class space    used 944K, committed 1024K, reserved 1048576K
}
Event: 23.650 GC heap before
{Heap before GC invocations=9 (full 0):
 garbage-first heap   total 186368K, used 101515K [0x00000000c1400000, 0x0000000100000000)
  region size 1024K, 9 young (9216K), 5 survivors (5120K)
 Metaspace       used 9149K, committed 9280K, reserved 1064960K
  class space    used 945K, committed 1024K, reserved 1048576K
}
Event: 23.713 GC heap after
{Heap after GC invocations=10 (full 0):
 garbage-first heap   total 186368K, used 102912K [0x00000000c1400000, 0x0000000100000000)
  region size 1024K, 2 young (2048K), 2 survivors (2048K)
 Metaspace       used 9149K, committed 9280K, reserved 1064960K
  class space    used 945K, committed 1024K, reserved 1048576K
}
Event: 23.726 GC heap before
{Heap before GC invocations=10 (full 0):
 garbage-first heap   total 186368K, used 104960K [0x00000000c1400000, 0x0000000100000000)
  region size 1024K, 5 young (5120K), 2 survivors (2048K)
 Metaspace       used 9149K, committed 9280K, reserved 1064960K
  class space    used 945K, committed 1024K, reserved 1048576K
}
Event: 23.738 GC heap after
{Heap after GC invocations=11 (full 0):
 garbage-first heap   total 186368K, used 105826K [0x00000000c1400000, 0x0000000100000000)
  region size 1024K, 3 young (3072K), 3 survivors (3072K)
 Metaspace       used 9149K, committed 9280K, reserved 1064960K
  class space    used 945K, committed 1024K, reserved 1048576K
}
Event: 24.117 GC heap before
{Heap before GC invocations=12 (full 0):
 garbage-first heap   total 133120K, used 60770K [0x00000000c1400000, 0x0000000100000000)
  region size 1024K, 22 young (22528K), 3 survivors (3072K)
 Metaspace       used 9164K, committed 9280K, reserved 1064960K
  class space    used 945K, committed 1024K, reserved 1048576K
}
Event: 24.211 GC heap after
{Heap after GC invocations=13 (full 0):
 garbage-first heap   total 133120K, used 60621K [0x00000000c1400000, 0x0000000100000000)
  region size 1024K, 3 young (3072K), 3 survivors (3072K)
 Metaspace       used 9164K, committed 9280K, reserved 1064960K
  class space    used 945K, committed 1024K, reserved 1048576K
}
Event: 24.234 GC heap before
{Heap before GC invocations=13 (full 0):
 garbage-first heap   total 133120K, used 68813K [0x00000000c1400000, 0x0000000100000000)
  region size 1024K, 6 young (6144K), 3 survivors (3072K)
 Metaspace       used 9164K, committed 9280K, reserved 1064960K
  class space    used 945K, committed 1024K, reserved 1048576K
}
Event: 24.283 GC heap after
{Heap after GC invocations=14 (full 0):
 garbage-first heap   total 133120K, used 56832K [0x00000000c1400000, 0x0000000100000000)
  region size 1024K, 1 young (1024K), 1 survivors (1024K)
 Metaspace       used 9164K, committed 9280K, reserved 1064960K
  class space    used 945K, committed 1024K, reserved 1048576K
}
Event: 24.320 GC heap before
{Heap before GC invocations=14 (full 0):
 garbage-first heap   total 133120K, used 61952K [0x00000000c1400000, 0x0000000100000000)
  region size 1024K, 6 young (6144K), 1 survivors (1024K)
 Metaspace       used 9164K, committed 9280K, reserved 1064960K
  class space    used 945K, committed 1024K, reserved 1048576K
}
Event: 24.347 GC heap after
{Heap after GC invocations=15 (full 0):
 garbage-first heap   total 399360K, used 61440K [0x00000000c1400000, 0x0000000100000000)
  region size 1024K, 1 young (1024K), 1 survivors (1024K)
 Metaspace       used 9164K, committed 9280K, reserved 1064960K
  class space    used 945K, committed 1024K, reserved 1048576K
}
Event: 24.711 GC heap before
{Heap before GC invocations=15 (full 0):
 garbage-first heap   total 399360K, used 114688K [0x00000000c1400000, 0x0000000100000000)
  region size 1024K, 35 young (35840K), 1 survivors (1024K)
 Metaspace       used 9165K, committed 9344K, reserved 1064960K
  class space    used 945K, committed 1024K, reserved 1048576K
}
Event: 24.955 GC heap after
{Heap after GC invocations=16 (full 0):
 garbage-first heap   total 399360K, used 113208K [0x00000000c1400000, 0x0000000100000000)
  region size 1024K, 5 young (5120K), 5 survivors (5120K)
 Metaspace       used 9165K, committed 9344K, reserved 1064960K
  class space    used 945K, committed 1024K, reserved 1048576K
}
Event: 25.187 GC heap before
{Heap before GC invocations=16 (full 0):
 garbage-first heap   total 399360K, used 149048K [0x00000000c1400000, 0x0000000100000000)
  region size 1024K, 31 young (31744K), 5 survivors (5120K)
 Metaspace       used 9167K, committed 9344K, reserved 1064960K
  class space    used 945K, committed 1024K, reserved 1048576K
}
Event: 25.327 GC heap after
{Heap after GC invocations=17 (full 0):
 garbage-first heap   total 399360K, used 148480K [0x00000000c1400000, 0x0000000100000000)
  region size 1024K, 4 young (4096K), 4 survivors (4096K)
 Metaspace       used 9167K, committed 9344K, reserved 1064960K
  class space    used 945K, committed 1024K, reserved 1048576K
}
Event: 25.494 GC heap before
{Heap before GC invocations=17 (full 0):
 garbage-first heap   total 399360K, used 191488K [0x00000000c1400000, 0x0000000100000000)
  region size 1024K, 32 young (32768K), 4 survivors (4096K)
 Metaspace       used 9169K, committed 9344K, reserved 1064960K
  class space    used 945K, committed 1024K, reserved 1048576K
}
Event: 25.635 GC heap after
{Heap after GC invocations=18 (full 0):
 garbage-first heap   total 399360K, used 190976K [0x00000000c1400000, 0x0000000100000000)
  region size 1024K, 4 young (4096K), 4 survivors (4096K)
 Metaspace       used 9169K, committed 9344K, reserved 1064960K
  class space    used 945K, committed 1024K, reserved 1048576K
}
Event: 25.663 GC heap before
{Heap before GC invocations=18 (full 0):
 garbage-first heap   total 399360K, used 195072K [0x00000000c1400000, 0x0000000100000000)
  region size 1024K, 9 young (9216K), 4 survivors (4096K)
 Metaspace       used 9169K, committed 9344K, reserved 1064960K
  class space    used 945K, committed 1024K, reserved 1048576K
}

